This is XeTeX, Version 3.14159265-2.6-0.999991 (TeX Live 2019) (preloaded format=xelatex 2020.8.8)  20 NOV 2021 13:22
entering extended mode
 restricted \write18 enabled.
 %&-line parsing enabled.
**comprehensive-crap-objective.tex
(./comprehensive-crap-objective.tex
LaTeX2e <2020-02-02> patch level 5
L3 programming layer <2020-02-25> (/home/deependra/.TinyTeX/texmf-dist/tex/late
x/base/book.cls
Document Class: book 2019/12/20 v1.4l Standard LaTeX document class
(/home/deependra/.TinyTeX/texmf-dist/tex/latex/base/bk10.clo
File: bk10.clo 2019/12/20 v1.4l Standard LaTeX file (size option)
)
\c@part=\count163
\c@chapter=\count164
\c@section=\count165
\c@subsection=\count166
\c@subsubsection=\count167
\c@paragraph=\count168
\c@subparagraph=\count169
\c@figure=\count170
\c@table=\count171
\abovecaptionskip=\skip47
\belowcaptionskip=\skip48
\bibindent=\dimen134
) (/home/deependra/.TinyTeX/texmf-dist/tex/latex/lm/lmodern.sty
Package: lmodern 2009/10/30 v1.6 Latin Modern Fonts
LaTeX Font Info:    Overwriting symbol font `operators' in version `normal'
(Font)                  OT1/cmr/m/n --> OT1/lmr/m/n on input line 22.
LaTeX Font Info:    Overwriting symbol font `letters' in version `normal'
(Font)                  OML/cmm/m/it --> OML/lmm/m/it on input line 23.
LaTeX Font Info:    Overwriting symbol font `symbols' in version `normal'
(Font)                  OMS/cmsy/m/n --> OMS/lmsy/m/n on input line 24.
LaTeX Font Info:    Overwriting symbol font `largesymbols' in version `normal'
(Font)                  OMX/cmex/m/n --> OMX/lmex/m/n on input line 25.
LaTeX Font Info:    Overwriting symbol font `operators' in version `bold'
(Font)                  OT1/cmr/bx/n --> OT1/lmr/bx/n on input line 26.
LaTeX Font Info:    Overwriting symbol font `letters' in version `bold'
(Font)                  OML/cmm/b/it --> OML/lmm/b/it on input line 27.
LaTeX Font Info:    Overwriting symbol font `symbols' in version `bold'
(Font)                  OMS/cmsy/b/n --> OMS/lmsy/b/n on input line 28.
LaTeX Font Info:    Overwriting symbol font `largesymbols' in version `bold'
(Font)                  OMX/cmex/m/n --> OMX/lmex/m/n on input line 29.
LaTeX Font Info:    Overwriting math alphabet `\mathbf' in version `normal'
(Font)                  OT1/cmr/bx/n --> OT1/lmr/bx/n on input line 31.
LaTeX Font Info:    Overwriting math alphabet `\mathsf' in version `normal'
(Font)                  OT1/cmss/m/n --> OT1/lmss/m/n on input line 32.
LaTeX Font Info:    Overwriting math alphabet `\mathit' in version `normal'
(Font)                  OT1/cmr/m/it --> OT1/lmr/m/it on input line 33.
LaTeX Font Info:    Overwriting math alphabet `\mathtt' in version `normal'
(Font)                  OT1/cmtt/m/n --> OT1/lmtt/m/n on input line 34.
LaTeX Font Info:    Overwriting math alphabet `\mathbf' in version `bold'
(Font)                  OT1/cmr/bx/n --> OT1/lmr/bx/n on input line 35.
LaTeX Font Info:    Overwriting math alphabet `\mathsf' in version `bold'
(Font)                  OT1/cmss/bx/n --> OT1/lmss/bx/n on input line 36.
LaTeX Font Info:    Overwriting math alphabet `\mathit' in version `bold'
(Font)                  OT1/cmr/bx/it --> OT1/lmr/bx/it on input line 37.
LaTeX Font Info:    Overwriting math alphabet `\mathtt' in version `bold'
(Font)                  OT1/cmtt/m/n --> OT1/lmtt/m/n on input line 38.
) (/home/deependra/.TinyTeX/texmf-dist/tex/latex/amsfonts/amssymb.sty
Package: amssymb 2013/01/14 v3.01 AMS font symbols
(/home/deependra/.TinyTeX/texmf-dist/tex/latex/amsfonts/amsfonts.sty
Package: amsfonts 2013/01/14 v3.01 Basic AMSFonts support
\@emptytoks=\toks15
\symAMSa=\mathgroup4
\symAMSb=\mathgroup5
LaTeX Font Info:    Redeclaring math symbol \hbar on input line 98.
LaTeX Font Info:    Overwriting math alphabet `\mathfrak' in version `bold'
(Font)                  U/euf/m/n --> U/euf/b/n on input line 106.
)) (/home/deependra/.TinyTeX/texmf-dist/tex/latex/amsmath/amsmath.sty
Package: amsmath 2020/01/20 v2.17e AMS math features
\@mathmargin=\skip49
For additional information on amsmath, use the `?' option.
(/home/deependra/.TinyTeX/texmf-dist/tex/latex/amsmath/amstext.sty
Package: amstext 2000/06/29 v2.01 AMS text
(/home/deependra/.TinyTeX/texmf-dist/tex/latex/amsmath/amsgen.sty
File: amsgen.sty 1999/11/30 v2.0 generic functions
\@emptytoks=\toks16
\ex@=\dimen135
)) (/home/deependra/.TinyTeX/texmf-dist/tex/latex/amsmath/amsbsy.sty
Package: amsbsy 1999/11/29 v1.2d Bold Symbols
\pmbraise@=\dimen136
) (/home/deependra/.TinyTeX/texmf-dist/tex/latex/amsmath/amsopn.sty
Package: amsopn 2016/03/08 v2.02 operator names
)
\inf@bad=\count172
LaTeX Info: Redefining \frac on input line 227.
\uproot@=\count173
\leftroot@=\count174
LaTeX Info: Redefining \overline on input line 389.
\classnum@=\count175
\DOTSCASE@=\count176
LaTeX Info: Redefining \ldots on input line 486.
LaTeX Info: Redefining \dots on input line 489.
LaTeX Info: Redefining \cdots on input line 610.
\Mathstrutbox@=\box45
\strutbox@=\box46
\big@size=\dimen137
LaTeX Font Info:    Redeclaring font encoding OML on input line 733.
LaTeX Font Info:    Redeclaring font encoding OMS on input line 734.
\macc@depth=\count177
\c@MaxMatrixCols=\count178
\dotsspace@=\muskip16
\c@parentequation=\count179
\dspbrk@lvl=\count180
\tag@help=\toks17
\row@=\count181
\column@=\count182
\maxfields@=\count183
\andhelp@=\toks18
\eqnshift@=\dimen138
\alignsep@=\dimen139
\tagshift@=\dimen140
\tagwidth@=\dimen141
\totwidth@=\dimen142
\lineht@=\dimen143
\@envbody=\toks19
\multlinegap=\skip50
\multlinetaggap=\skip51
\mathdisplay@stack=\toks20
LaTeX Info: Redefining \[ on input line 2859.
LaTeX Info: Redefining \] on input line 2860.
) (/home/deependra/.TinyTeX/texmf-dist/tex/generic/iftex/ifxetex.sty
Package: ifxetex 2019/10/25 v0.7 ifxetex legacy package. Use iftex instead.
(/home/deependra/.TinyTeX/texmf-dist/tex/generic/iftex/iftex.sty
Package: iftex 2019/11/07 v1.0c TeX engine tests
)) (/home/deependra/.TinyTeX/texmf-dist/tex/generic/iftex/ifluatex.sty
Package: ifluatex 2019/10/25 v1.5 ifluatex legacy package. Use iftex instead.
) (/home/deependra/.TinyTeX/texmf-dist/tex/latex/unicode-math/unicode-math.sty 
(/home/deependra/.TinyTeX/texmf-dist/tex/latex/l3kernel/expl3.sty
Package: expl3 2020-02-25 L3 programming layer (loader) 

(/home/deependra/.TinyTeX/texmf-dist/tex/latex/l3backend/l3backend-xdvipdfmx.de
f
File: l3backend-xdvipdfmx.def 2020-02-23 L3 backend support: xdvipdfmx
\g__graphics_track_int=\count184
\l__pdf_internal_box=\box47
\g__pdf_backend_object_int=\count185
\g__pdf_backend_annotation_int=\count186
))
Package: unicode-math 2020/01/31 v0.8q Unicode maths in XeLaTeX and LuaLaTeX

(/home/deependra/.TinyTeX/texmf-dist/tex/latex/unicode-math/unicode-math-xetex.
sty
Package: unicode-math-xetex 2020/01/31 v0.8q Unicode maths in XeLaTeX and LuaLa
TeX
(/home/deependra/.TinyTeX/texmf-dist/tex/latex/l3packages/xparse/xparse.sty
Package: xparse 2020-02-25 L3 Experimental document command parser
\l__xparse_current_arg_int=\count187
\g__xparse_grabber_int=\count188
\l__xparse_m_args_int=\count189
\l__xparse_v_nesting_int=\count190
)
(/home/deependra/.TinyTeX/texmf-dist/tex/latex/l3packages/l3keys2e/l3keys2e.sty
Package: l3keys2e 2020-02-25 LaTeX2e option processing using LaTeX3 keys
) (/home/deependra/.TinyTeX/texmf-dist/tex/latex/fontspec/fontspec.sty
Package: fontspec 2020/02/21 v2.7i Font selection for XeLaTeX and LuaLaTeX
(/home/deependra/.TinyTeX/texmf-dist/tex/latex/fontspec/fontspec-xetex.sty
Package: fontspec-xetex 2020/02/21 v2.7i Font selection for XeLaTeX and LuaLaTe
X
\l__fontspec_script_int=\count191
\l__fontspec_language_int=\count192
\l__fontspec_strnum_int=\count193
\l__fontspec_tmp_int=\count194
\l__fontspec_tmpa_int=\count195
\l__fontspec_tmpb_int=\count196
\l__fontspec_tmpc_int=\count197
\l__fontspec_em_int=\count198
\l__fontspec_emdef_int=\count199
\l__fontspec_strong_int=\count266
\l__fontspec_strongdef_int=\count267
\l__fontspec_tmpa_dim=\dimen144
\l__fontspec_tmpb_dim=\dimen145
\l__fontspec_tmpc_dim=\dimen146
(/home/deependra/.TinyTeX/texmf-dist/tex/latex/base/fontenc.sty
Package: fontenc 2020/02/11 v2.0o Standard LaTeX package
) (/home/deependra/.TinyTeX/texmf-dist/tex/latex/fontspec/fontspec.cfg))) (/hom
e/deependra/.TinyTeX/texmf-dist/tex/latex/base/fix-cm.sty
Package: fix-cm 2015/01/14 v1.1t fixes to LaTeX
(/home/deependra/.TinyTeX/texmf-dist/tex/latex/base/ts1enc.def
File: ts1enc.def 2001/06/05 v3.0e (jk/car/fm) Standard LaTeX file
LaTeX Font Info:    Redeclaring font encoding TS1 on input line 47.
))
\g__um_fam_int=\count268
\g__um_fonts_used_int=\count269
\l__um_primecount_int=\count270
\g__um_primekern_muskip=\muskip17

(/home/deependra/.TinyTeX/texmf-dist/tex/latex/unicode-math/unicode-math-table.
tex))) (/home/deependra/.TinyTeX/texmf-dist/tex/latex/upquote/upquote.sty
Package: upquote 2012/04/19 v1.3 upright-quote and grave-accent glyphs in verba
tim
(/home/deependra/.TinyTeX/texmf-dist/tex/latex/base/textcomp.sty
Package: textcomp 2020/02/02 v2.0n Standard LaTeX package
)) (/home/deependra/.TinyTeX/texmf-dist/tex/latex/microtype/microtype.sty
Package: microtype 2019/11/18 v2.7d Micro-typographical refinements (RS)
(/home/deependra/.TinyTeX/texmf-dist/tex/latex/graphics/keyval.sty
Package: keyval 2014/10/28 v1.15 key=value parser (DPC)
\KV@toks@=\toks21
)
\MT@toks=\toks22
\MT@count=\count271
LaTeX Info: Redefining \textls on input line 790.
\MT@outer@kern=\dimen147
LaTeX Info: Redefining \textmicrotypecontext on input line 1354.
\MT@listname@count=\count272
(/home/deependra/.TinyTeX/texmf-dist/tex/latex/microtype/microtype-xetex.def
File: microtype-xetex.def 2019/11/18 v2.7d Definitions specific to xetex (RS)
LaTeX Info: Redefining \lsstyle on input line 258.
)
Package microtype Info: Loading configuration file microtype.cfg.
(/home/deependra/.TinyTeX/texmf-dist/tex/latex/microtype/microtype.cfg
File: microtype.cfg 2019/11/18 v2.7d microtype main configuration file (RS)
)) (/home/deependra/.TinyTeX/texmf-dist/tex/latex/parskip/parskip.sty
Package: parskip 2020-01-22 v2.0d non-zero parskip adjustments
(/home/deependra/.TinyTeX/texmf-dist/tex/latex/kvoptions/kvoptions.sty
Package: kvoptions 2019/11/29 v3.13 Key value format for package options (HO)
(/home/deependra/.TinyTeX/texmf-dist/tex/generic/ltxcmds/ltxcmds.sty
Package: ltxcmds 2019/12/15 v1.24 LaTeX kernel commands for general use (HO)
) (/home/deependra/.TinyTeX/texmf-dist/tex/generic/kvsetkeys/kvsetkeys.sty
Package: kvsetkeys 2019/12/15 v1.18 Key value parser (HO)
)) (/home/deependra/.TinyTeX/texmf-dist/tex/latex/etoolbox/etoolbox.sty
Package: etoolbox 2019/09/21 v2.5h e-TeX tools for LaTeX (JAW)
\etb@tempcnta=\count273
)) (/home/deependra/.TinyTeX/texmf-dist/tex/latex/xcolor/xcolor.sty
Package: xcolor 2016/05/11 v2.12 LaTeX color extensions (UK)
(/home/deependra/.TinyTeX/texmf-dist/tex/latex/graphics-cfg/color.cfg
File: color.cfg 2016/01/02 v1.6 sample color configuration
)
Package xcolor Info: Driver file: xetex.def on input line 225.
(/home/deependra/.TinyTeX/texmf-dist/tex/latex/graphics-def/xetex.def
File: xetex.def 2017/06/24 v5.0h Graphics/color driver for xetex
)
Package xcolor Info: Model `cmy' substituted by `cmy0' on input line 1348.
Package xcolor Info: Model `RGB' extended on input line 1364.
Package xcolor Info: Model `HTML' substituted by `rgb' on input line 1366.
Package xcolor Info: Model `Hsb' substituted by `hsb' on input line 1367.
Package xcolor Info: Model `tHsb' substituted by `hsb' on input line 1368.
Package xcolor Info: Model `HSB' substituted by `hsb' on input line 1369.
Package xcolor Info: Model `Gray' substituted by `gray' on input line 1370.
Package xcolor Info: Model `wave' substituted by `hsb' on input line 1371.
) (/home/deependra/.TinyTeX/texmf-dist/tex/latex/xurl/xurl.sty
Package: xurl 2020/01/24 v 0.09 modify URL breaks
(/home/deependra/.TinyTeX/texmf-dist/tex/latex/url/url.sty
\Urlmuskip=\muskip18
Package: url 2013/09/16  ver 3.4  Verb mode for urls, etc.
)) (/home/deependra/.TinyTeX/texmf-dist/tex/latex/bookmark/bookmark.sty
Package: bookmark 2019/12/03 v1.28 PDF bookmarks (HO)
(/home/deependra/.TinyTeX/texmf-dist/tex/latex/hyperref/hyperref.sty
Package: hyperref 2020/01/14 v7.00d Hypertext links for LaTeX
(/home/deependra/.TinyTeX/texmf-dist/tex/latex/pdftexcmds/pdftexcmds.sty
Package: pdftexcmds 2019/11/24 v0.31 Utility functions of pdfTeX for LuaTeX (HO
)
(/home/deependra/.TinyTeX/texmf-dist/tex/generic/infwarerr/infwarerr.sty
Package: infwarerr 2019/12/03 v1.5 Providing info/warning/error messages (HO)
)
Package pdftexcmds Info: \pdf@primitive is available.
Package pdftexcmds Info: \pdf@ifprimitive is available.
Package pdftexcmds Info: \pdfdraftmode not found.
) (/home/deependra/.TinyTeX/texmf-dist/tex/generic/kvdefinekeys/kvdefinekeys.st
y
Package: kvdefinekeys 2019-12-19 v1.6 Define keys (HO)
) (/home/deependra/.TinyTeX/texmf-dist/tex/generic/pdfescape/pdfescape.sty
Package: pdfescape 2019/12/09 v1.15 Implements pdfTeX's escape features (HO)
) (/home/deependra/.TinyTeX/texmf-dist/tex/latex/hycolor/hycolor.sty
Package: hycolor 2020-01-27 v1.10 Color options for hyperref/bookmark (HO)
) (/home/deependra/.TinyTeX/texmf-dist/tex/latex/letltxmacro/letltxmacro.sty
Package: letltxmacro 2019/12/03 v1.6 Let assignment for LaTeX macros (HO)
) (/home/deependra/.TinyTeX/texmf-dist/tex/latex/auxhook/auxhook.sty
Package: auxhook 2019-12-17 v1.6 Hooks for auxiliary files (HO)
)
\@linkdim=\dimen148
\Hy@linkcounter=\count274
\Hy@pagecounter=\count275
(/home/deependra/.TinyTeX/texmf-dist/tex/latex/hyperref/pd1enc.def
File: pd1enc.def 2020/01/14 v7.00d Hyperref: PDFDocEncoding definition (HO)
) (/home/deependra/.TinyTeX/texmf-dist/tex/generic/intcalc/intcalc.sty
Package: intcalc 2019/12/15 v1.3 Expandable calculations with integers (HO)
) (/home/deependra/.TinyTeX/texmf-dist/tex/generic/etexcmds/etexcmds.sty
Package: etexcmds 2019/12/15 v1.7 Avoid name clashes with e-TeX commands (HO)
)
\Hy@SavedSpaceFactor=\count276
Package hyperref Info: Option `unicode' set `true' on input line 4421.
(/home/deependra/.TinyTeX/texmf-dist/tex/latex/hyperref/puenc.def
File: puenc.def 2020/01/14 v7.00d Hyperref: PDF Unicode definition (HO)
)
Package hyperref Info: Hyper figures OFF on input line 4547.
Package hyperref Info: Link nesting OFF on input line 4552.
Package hyperref Info: Hyper index ON on input line 4555.
Package hyperref Info: Plain pages OFF on input line 4562.
Package hyperref Info: Backreferencing OFF on input line 4567.
Package hyperref Info: Implicit mode ON; LaTeX internals redefined.
Package hyperref Info: Bookmarks ON on input line 4800.
\c@Hy@tempcnt=\count277
LaTeX Info: Redefining \url on input line 5159.
\XeTeXLinkMargin=\dimen149
(/home/deependra/.TinyTeX/texmf-dist/tex/generic/bitset/bitset.sty
Package: bitset 2019/12/09 v1.3 Handle bit-vector datatype (HO)
(/home/deependra/.TinyTeX/texmf-dist/tex/generic/bigintcalc/bigintcalc.sty
Package: bigintcalc 2019/12/15 v1.5 Expandable calculations on big integers (HO
)
))
\Fld@menulength=\count278
\Field@Width=\dimen150
\Fld@charsize=\dimen151
Package hyperref Info: Hyper figures OFF on input line 6430.
Package hyperref Info: Link nesting OFF on input line 6435.
Package hyperref Info: Hyper index ON on input line 6438.
Package hyperref Info: backreferencing OFF on input line 6445.
Package hyperref Info: Link coloring OFF on input line 6450.
Package hyperref Info: Link coloring with OCG OFF on input line 6455.
Package hyperref Info: PDF/A mode OFF on input line 6460.
LaTeX Info: Redefining \ref on input line 6500.
LaTeX Info: Redefining \pageref on input line 6504.
(/home/deependra/.TinyTeX/texmf-dist/tex/generic/atbegshi/atbegshi.sty
Package: atbegshi 2019/12/05 v1.19 At begin shipout hook (HO)
)
\Hy@abspage=\count279
\c@Item=\count280
\c@Hfootnote=\count281
)
Package hyperref Info: Driver (autodetected): hxetex.
(/home/deependra/.TinyTeX/texmf-dist/tex/latex/hyperref/hxetex.def
File: hxetex.def 2020/01/14 v7.00d Hyperref driver for XeTeX
(/home/deependra/.TinyTeX/texmf-dist/tex/generic/stringenc/stringenc.sty
Package: stringenc 2019/11/29 v1.12 Convert strings between diff. encodings (HO
)
)
\pdfm@box=\box48
\c@Hy@AnnotLevel=\count282
\HyField@AnnotCount=\count283
\Fld@listcount=\count284
\c@bookmark@seq@number=\count285

(/home/deependra/.TinyTeX/texmf-dist/tex/latex/rerunfilecheck/rerunfilecheck.st
y
Package: rerunfilecheck 2019/12/05 v1.9 Rerun checks for auxiliary files (HO)
(/home/deependra/.TinyTeX/texmf-dist/tex/latex/atveryend/atveryend.sty
Package: atveryend 2019-12-11 v1.11 Hooks at the very end of document (HO)
)
(/home/deependra/.TinyTeX/texmf-dist/tex/generic/uniquecounter/uniquecounter.st
y
Package: uniquecounter 2019/12/15 v1.4 Provide unlimited unique counter (HO)
)
Package uniquecounter Info: New unique counter `rerunfilecheck' on input line 2
86.
)
\Hy@SectionHShift=\skip52
) (/home/deependra/.TinyTeX/texmf-dist/tex/latex/bookmark/bkm-dvipdfm.def
File: bkm-dvipdfm.def 2019/12/03 v1.28 bookmark driver for dvipdfm (HO)
\BKM@id=\count286
)) (/home/deependra/.TinyTeX/texmf-dist/tex/latex/tools/longtable.sty
Package: longtable 2020/01/07 v4.13 Multi-page Table package (DPC)
\LTleft=\skip53
\LTright=\skip54
\LTpre=\skip55
\LTpost=\skip56
\LTchunksize=\count287
\LTcapwidth=\dimen152
\LT@head=\box49
\LT@firsthead=\box50
\LT@foot=\box51
\LT@lastfoot=\box52
\LT@cols=\count288
\LT@rows=\count289
\c@LT@tables=\count290
\c@LT@chunks=\count291
\LT@p@ftn=\toks23
) (/home/deependra/.TinyTeX/texmf-dist/tex/latex/booktabs/booktabs.sty
Package: booktabs 2020/01/12 v1.61803398 Publication quality tables
\heavyrulewidth=\dimen153
\lightrulewidth=\dimen154
\cmidrulewidth=\dimen155
\belowrulesep=\dimen156
\belowbottomsep=\dimen157
\aboverulesep=\dimen158
\abovetopsep=\dimen159
\cmidrulesep=\dimen160
\cmidrulekern=\dimen161
\defaultaddspace=\dimen162
\@cmidla=\count292
\@cmidlb=\count293
\@aboverulesep=\dimen163
\@belowrulesep=\dimen164
\@thisruleclass=\count294
\@lastruleclass=\count295
\@thisrulewidth=\dimen165
) (/home/deependra/.TinyTeX/texmf-dist/tex/latex/footnotehyper/footnotehyper.st
y
Package: footnotehyper 2019/11/07 v1.1a hyperref aware footnote.sty (JFB)
\FNH@notes=\box53
\FNH@width=\dimen166
) (/home/deependra/.TinyTeX/texmf-dist/tex/latex/graphics/graphicx.sty
Package: graphicx 2019/11/30 v1.2a Enhanced LaTeX Graphics (DPC,SPQR)
(/home/deependra/.TinyTeX/texmf-dist/tex/latex/graphics/graphics.sty
Package: graphics 2019/11/30 v1.4a Standard LaTeX Graphics (DPC,SPQR)
(/home/deependra/.TinyTeX/texmf-dist/tex/latex/graphics/trig.sty
Package: trig 2016/01/03 v1.10 sin cos tan (DPC)
) (/home/deependra/.TinyTeX/texmf-dist/tex/latex/graphics-cfg/graphics.cfg
File: graphics.cfg 2016/06/04 v1.11 sample graphics configuration
)
Package graphics Info: Driver file: xetex.def on input line 105.
)
\Gin@req@height=\dimen167
\Gin@req@width=\dimen168
) (/home/deependra/.TinyTeX/texmf-dist/tex/latex/geometry/geometry.sty
Package: geometry 2020/01/02 v5.9 Page Geometry
(/home/deependra/.TinyTeX/texmf-dist/tex/generic/iftex/ifvtex.sty
Package: ifvtex 2019/10/25 v1.7 ifvtex legacy package. Use iftex instead.
)
\Gm@cnth=\count296
\Gm@cntv=\count297
\c@Gm@tempcnt=\count298
\Gm@bindingoffset=\dimen169
\Gm@wd@mp=\dimen170
\Gm@odd@mp=\dimen171
\Gm@even@mp=\dimen172
\Gm@layoutwidth=\dimen173
\Gm@layoutheight=\dimen174
\Gm@layouthoffset=\dimen175
\Gm@layoutvoffset=\dimen176
\Gm@dimlist=\toks24
) (/home/deependra/.TinyTeX/texmf-dist/tex/latex/amscls/amsthm.sty
Package: amsthm 2017/10/31 v2.20.4
\thm@style=\toks25
\thm@bodyfont=\toks26
\thm@headfont=\toks27
\thm@notefont=\toks28
\thm@headpunct=\toks29
\thm@preskip=\skip57
\thm@postskip=\skip58
\thm@headsep=\skip59
\dth@everypar=\toks30
) (/home/deependra/.TinyTeX/texmf-dist/tex/latex/fancyhdr/fancyhdr.sty
Package: fancyhdr 2019/01/31 v3.10 Extensive control of page headers and footer
s
\f@nch@headwidth=\skip60
\f@nch@O@elh=\skip61
\f@nch@O@erh=\skip62
\f@nch@O@olh=\skip63
\f@nch@O@orh=\skip64
\f@nch@O@elf=\skip65
\f@nch@O@erf=\skip66
\f@nch@O@olf=\skip67
\f@nch@O@orf=\skip68
) (/home/deependra/.TinyTeX/texmf-dist/tex/latex/tools/dcolumn.sty
Package: dcolumn 2014/10/28 v1.06 decimal alignment package (DPC)
(/home/deependra/.TinyTeX/texmf-dist/tex/latex/tools/array.sty
Package: array 2019/08/31 v2.4l Tabular extension package (FMi)
\col@sep=\dimen177
\ar@mcellbox=\box54
\extrarowheight=\dimen178
\NC@list=\toks31
\extratabsurround=\skip69
\backup@length=\skip70
\ar@cellbox=\box55
)) (/home/deependra/.TinyTeX/texmf-dist/tex/latex/tools/tabularx.sty
Package: tabularx 2020/01/15 v2.11c `tabularx' package (DPC)
\TX@col@width=\dimen179
\TX@old@table=\dimen180
\TX@old@col=\dimen181
\TX@target=\dimen182
\TX@delta=\dimen183
\TX@cols=\count299
\TX@ftn=\toks32
) (/home/deependra/.TinyTeX/texmf-dist/tex/latex/multirow/multirow.sty
Package: multirow 2019/05/31 v2.5 Span multiple rows of a table
\multirow@colwidth=\skip71
\multirow@cntb=\count300
\multirow@dima=\skip72
\bigstrutjot=\dimen184
) (/home/deependra/.TinyTeX/texmf-dist/tex/latex/wrapfig/wrapfig.sty
\wrapoverhang=\dimen185
\WF@size=\dimen186
\c@WF@wrappedlines=\count301
\WF@box=\box56
\WF@everypar=\toks33
Package: wrapfig 2003/01/31  v 3.6
) (/home/deependra/.TinyTeX/texmf-dist/tex/latex/float/float.sty
Package: float 2001/11/08 v1.3d Float enhancements (AL)
\c@float@type=\count302
\float@exts=\toks34
\float@box=\box57
\@float@everytoks=\toks35
\@floatcapt=\box58
) (/home/deependra/.TinyTeX/texmf-dist/tex/latex/colortbl/colortbl.sty
Package: colortbl 2020/01/04 v1.0e Color table columns (DPC)
\everycr=\toks36
\minrowclearance=\skip73
) (/home/deependra/.TinyTeX/texmf-dist/tex/latex/pdflscape/pdflscape.sty
Package: pdflscape 2019/12/05 v0.12 Display of landscape pages in PDF (HO)
(/home/deependra/.TinyTeX/texmf-dist/tex/latex/graphics/lscape.sty
Package: lscape 2000/10/22 v3.01 Landscape Pages (DPC)
)
Package pdflscape Info: Auto-detected driver: dvipdfm (xetex) on input line 98.

) (/home/deependra/.TinyTeX/texmf-dist/tex/latex/tools/afterpage.sty
Package: afterpage 2014/10/28 v1.08 After-Page Package (DPC)
\AP@output=\toks37
\AP@partial=\box59
\AP@footins=\box60
) (/home/deependra/.TinyTeX/texmf-dist/tex/latex/tabu/tabu.sty
Package: tabu 2019/01/11 v2.9 - flexible LaTeX tabulars (FC+tabu-fixed)
(/home/deependra/.TinyTeX/texmf-dist/tex/latex/varwidth/varwidth.sty
Package: varwidth 2009/03/30 ver 0.92;  Variable-width minipages
\@vwid@box=\box61
\sift@deathcycles=\count303
\@vwid@loff=\dimen187
\@vwid@roff=\dimen188
)
\c@taburow=\count304
\tabu@nbcols=\count305
\tabu@cnt=\count306
\tabu@Xcol=\count307
\tabu@alloc=\count308
\tabu@nested=\count309
\tabu@target=\dimen189
\tabu@spreadtarget=\dimen190
\tabu@naturalX=\dimen191
\tabucolX=\dimen192
\tabu@Xsum=\dimen193
\extrarowdepth=\dimen194
\abovetabulinesep=\dimen195
\belowtabulinesep=\dimen196
\tabustrutrule=\dimen197
\tabu@thebody=\toks38
\tabu@footnotes=\toks39
\tabu@box=\box62
\tabu@arstrutbox=\box63
\tabu@hleads=\box64
\tabu@vleads=\box65
\tabu@cellskip=\skip74
)
(/home/deependra/.TinyTeX/texmf-dist/tex/latex/threeparttable/threeparttable.st
y
Package: threeparttable 2003/06/13  v 3.0
\@tempboxb=\box66
) (/home/deependra/.TinyTeX/texmf-dist/tex/generic/ulem/ulem.sty
\UL@box=\box67
\UL@hyphenbox=\box68
\UL@skip=\skip75
\UL@hook=\toks40
\UL@height=\dimen198
\UL@pe=\count310
\UL@pixel=\dimen199
\ULC@box=\box69
Package: ulem 2019/11/18
\ULdepth=\dimen256
) (/home/deependra/.TinyTeX/texmf-dist/tex/latex/graphics/rotating.sty
Package: rotating 2016/08/11 v2.16d rotated objects in LaTeX
(/home/deependra/.TinyTeX/texmf-dist/tex/latex/base/ifthen.sty
Package: ifthen 2014/09/29 v1.1c Standard LaTeX ifthen package (DPC)
)
\c@r@tfl@t=\count311
\rotFPtop=\skip76
\rotFPbot=\skip77
\rot@float@box=\box70
\rot@mess@toks=\toks41
) (/home/deependra/.TinyTeX/texmf-dist/tex/latex/caption/caption.sty
Package: caption 2020/01/03 v3.4h Customizing captions (AR)
(/home/deependra/.TinyTeX/texmf-dist/tex/latex/caption/caption3.sty
Package: caption3 2020/01/03 v1.8h caption3 kernel (AR)
Package caption3 Info: TeX engine: e-TeX on input line 61.
\captionmargin=\dimen257
\captionmargin@=\dimen258
\captionwidth=\dimen259
\caption@tempdima=\dimen260
\caption@indent=\dimen261
\caption@parindent=\dimen262
\caption@hangindent=\dimen263
Package caption Info: Standard document class detected.
)
\c@caption@flags=\count312
\c@continuedfloat=\count313
Package caption Info: float package is loaded.
Package caption Info: hyperref package is loaded.
Package caption Info: longtable package is loaded.
(/home/deependra/.TinyTeX/texmf-dist/tex/latex/caption/ltcaption.sty
Package: ltcaption 2018/08/26 v1.4a longtable captions (AR)
)
Package caption Info: rotating package is loaded.
Package caption Info: threeparttable package is loaded.
Package caption Info: wrapfig package is loaded.
) (/home/deependra/.TinyTeX/texmf-dist/tex/latex/pdfpages/pdfpages.sty
Package: pdfpages 2020/01/28 v0.5q Insert pages of external PDF documents (AM)
(/home/deependra/.TinyTeX/texmf-dist/tex/latex/tools/calc.sty
Package: calc 2017/05/25 v4.3 Infix arithmetic (KKT,FJ)
\calc@Acount=\count314
\calc@Bcount=\count315
\calc@Adimen=\dimen264
\calc@Bdimen=\dimen265
\calc@Askip=\skip78
\calc@Bskip=\skip79
LaTeX Info: Redefining \setlength on input line 80.
LaTeX Info: Redefining \addtolength on input line 81.
\calc@Ccount=\count316
\calc@Cskip=\skip80
) (/home/deependra/.TinyTeX/texmf-dist/tex/latex/eso-pic/eso-pic.sty
Package: eso-pic 2018/04/12 v2.0h eso-pic (RN)
)
\AM@pagewidth=\dimen266
\AM@pageheight=\dimen267
(/home/deependra/.TinyTeX/texmf-dist/tex/latex/pdfpages/ppxetex.def
File: ppxetex.def 2020/01/28 v0.5q Pdfpages driver for XeTeX (AM)
)
\AM@pagebox=\box71
\AM@global@opts=\toks42
\AM@pagecnt=\count317
\AM@toc@title=\toks43
\c@AM@survey=\count318
\AM@templatesizebox=\box72
) (/home/deependra/.TinyTeX/texmf-dist/tex/latex/siunitx/siunitx.sty
Package: siunitx 2020/02/25 v2.8b A comprehensive (SI) units package
\l__siunitx_tmp_box=\box73
\l__siunitx_tmp_dim=\dimen268
\l__siunitx_tmp_int=\count319
\l__siunitx_number_mantissa_length_int=\count320
\l__siunitx_number_uncert_length_int=\count321
\l__siunitx_round_int=\count322
\l__siunitx_process_decimal_int=\count323
\l__siunitx_process_uncertainty_int=\count324
\l__siunitx_process_fixed_int=\count325
\l__siunitx_process_integer_min_int=\count326
\l__siunitx_process_precision_int=\count327
\l__siunitx_group_min_int=\count328
\l__siunitx_angle_marker_box=\box74
\l__siunitx_angle_unit_box=\box75
\l__siunitx_angle_marker_dim=\dimen269
\l__siunitx_angle_unit_dim=\dimen270
\l__siunitx_unit_int=\count329
\l__siunitx_unit_denominator_int=\count330
\l__siunitx_unit_numerator_int=\count331
\l__siunitx_unit_prefix_int=\count332
\l__siunitx_unit_prefix_base_int=\count333
\l__siunitx_unit_prefix_gram_int=\count334
\l__siunitx_number_product_int=\count335
\c__siunitx_one_fill_skip=\skip81
\l__siunitx_table_unit_align_skip=\skip82
\l__siunitx_table_exponent_dim=\dimen271
\l__siunitx_table_integer_dim=\dimen272
\l__siunitx_table_mantissa_dim=\dimen273
\l__siunitx_table_marker_dim=\dimen274
\l__siunitx_table_result_dim=\dimen275
\l__siunitx_table_uncert_dim=\dimen276
\l__siunitx_table_fill_pre_dim=\dimen277
\l__siunitx_table_fill_post_dim=\dimen278
\l__siunitx_table_fill_mid_dim=\dimen279
\l__siunitx_table_pre_box=\box76
\l__siunitx_table_post_box=\box77
\l__siunitx_table_mantissa_box=\box78
\l__siunitx_table_result_box=\box79
\l__siunitx_table_number_align_skip=\skip83
\l__siunitx_table_text_align_skip=\skip84
(/home/deependra/.TinyTeX/texmf-dist/tex/latex/translator/translator.sty
Package: translator 2019-05-31 v1.12a Easy translation of strings in LaTeX
)) (/home/deependra/.TinyTeX/texmf-dist/tex/latex/mathtools/mathtools.sty
Package: mathtools 2020/01/17 v1.23 mathematical typesetting tools
(/home/deependra/.TinyTeX/texmf-dist/tex/latex/mathtools/mhsetup.sty
Package: mhsetup 2017/03/31 v1.3 programming setup (MH)
)
LaTeX Info: Thecontrolsequence`\('isalreadyrobust on input line 129.
LaTeX Info: Thecontrolsequence`\)'isalreadyrobust on input line 129.
LaTeX Info: Thecontrolsequence`\['isalreadyrobust on input line 129.
LaTeX Info: Thecontrolsequence`\]'isalreadyrobust on input line 129.
\g_MT_multlinerow_int=\count336
\l_MT_multwidth_dim=\dimen280
\origjot=\skip85
\l_MT_shortvdotswithinadjustabove_dim=\dimen281
\l_MT_shortvdotswithinadjustbelow_dim=\dimen282
\l_MT_above_intertext_sep=\dimen283
\l_MT_below_intertext_sep=\dimen284
\l_MT_above_shortintertext_sep=\dimen285
\l_MT_below_shortintertext_sep=\dimen286
) (/home/deependra/.TinyTeX/texmf-dist/tex/latex/caption/subcaption.sty
Package: subcaption 2020/01/22 v1.3d Sub-captions (AR)
\c@subfigure=\count337
\c@subtable=\count338
) (/home/deependra/.TinyTeX/texmf-dist/tex/latex/enumitem/enumitem.sty
Package: enumitem 2019/06/20 v3.9 Customized lists
\labelindent=\skip86
\enit@outerparindent=\dimen287
\enit@toks=\toks44
\enit@inbox=\box80
\enit@count@id=\count339
\enitdp@description=\count340
)
\c@questionsi=\count341
\c@questionsii=\count342
\c@questionsiii=\count343
\enitdp@questions=\count344
(/home/deependra/.TinyTeX/texmf-dist/tex/latex/tcolorbox/tcolorbox.sty
Package: tcolorbox 2019/11/15 version 4.22 text color boxes
(/home/deependra/.TinyTeX/texmf-dist/tex/latex/pgf/basiclayer/pgf.sty (/home/de
ependra/.TinyTeX/texmf-dist/tex/latex/pgf/utilities/pgfrcs.sty
(/home/deependra/.TinyTeX/texmf-dist/tex/generic/pgf/utilities/pgfutil-common.t
ex
\pgfutil@everybye=\toks45
\pgfutil@tempdima=\dimen288
\pgfutil@tempdimb=\dimen289

(/home/deependra/.TinyTeX/texmf-dist/tex/generic/pgf/utilities/pgfutil-common-l
ists.tex))
(/home/deependra/.TinyTeX/texmf-dist/tex/generic/pgf/utilities/pgfutil-latex.de
f
\pgfutil@abb=\box81
(/home/deependra/.TinyTeX/texmf-dist/tex/latex/ms/everyshi.sty
Package: everyshi 2001/05/15 v3.00 EveryShipout Package (MS)
)) (/home/deependra/.TinyTeX/texmf-dist/tex/generic/pgf/utilities/pgfrcs.code.t
ex (/home/deependra/.TinyTeX/texmf-dist/tex/generic/pgf/pgf.revision.tex)
Package: pgfrcs 2020/01/08 v3.1.5b (3.1.5b)
))
Package: pgf 2020/01/08 v3.1.5b (3.1.5b)
(/home/deependra/.TinyTeX/texmf-dist/tex/latex/pgf/basiclayer/pgfcore.sty (/hom
e/deependra/.TinyTeX/texmf-dist/tex/latex/pgf/systemlayer/pgfsys.sty
(/home/deependra/.TinyTeX/texmf-dist/tex/generic/pgf/systemlayer/pgfsys.code.te
x
Package: pgfsys 2020/01/08 v3.1.5b (3.1.5b)

(/home/deependra/.TinyTeX/texmf-dist/tex/generic/pgf/utilities/pgfkeys.code.tex
\pgfkeys@pathtoks=\toks46
\pgfkeys@temptoks=\toks47

(/home/deependra/.TinyTeX/texmf-dist/tex/generic/pgf/utilities/pgfkeysfiltered.
code.tex
\pgfkeys@tmptoks=\toks48
))
\pgf@x=\dimen290
\pgf@y=\dimen291
\pgf@xa=\dimen292
\pgf@ya=\dimen293
\pgf@xb=\dimen294
\pgf@yb=\dimen295
\pgf@xc=\dimen296
\pgf@yc=\dimen297
\pgf@xd=\dimen298
\pgf@yd=\dimen299
\w@pgf@writea=\write3
\r@pgf@reada=\read2
\c@pgf@counta=\count345
\c@pgf@countb=\count346
\c@pgf@countc=\count347
\c@pgf@countd=\count348
\t@pgf@toka=\toks49
\t@pgf@tokb=\toks50
\t@pgf@tokc=\toks51
\pgf@sys@id@count=\count349
(/home/deependra/.TinyTeX/texmf-dist/tex/generic/pgf/systemlayer/pgf.cfg
File: pgf.cfg 2020/01/08 v3.1.5b (3.1.5b)
)
Driver file for pgf: pgfsys-xetex.def

(/home/deependra/.TinyTeX/texmf-dist/tex/generic/pgf/systemlayer/pgfsys-xetex.d
ef
File: pgfsys-xetex.def 2020/01/08 v3.1.5b (3.1.5b)

(/home/deependra/.TinyTeX/texmf-dist/tex/generic/pgf/systemlayer/pgfsys-dvipdfm
x.def
File: pgfsys-dvipdfmx.def 2020/01/08 v3.1.5b (3.1.5b)

(/home/deependra/.TinyTeX/texmf-dist/tex/generic/pgf/systemlayer/pgfsys-common-
pdf.def
File: pgfsys-common-pdf.def 2020/01/08 v3.1.5b (3.1.5b)
)
\pgfsys@objnum=\count350
)))
(/home/deependra/.TinyTeX/texmf-dist/tex/generic/pgf/systemlayer/pgfsyssoftpath
.code.tex
File: pgfsyssoftpath.code.tex 2020/01/08 v3.1.5b (3.1.5b)
\pgfsyssoftpath@smallbuffer@items=\count351
\pgfsyssoftpath@bigbuffer@items=\count352
)
(/home/deependra/.TinyTeX/texmf-dist/tex/generic/pgf/systemlayer/pgfsysprotocol
.code.tex
File: pgfsysprotocol.code.tex 2020/01/08 v3.1.5b (3.1.5b)
))
(/home/deependra/.TinyTeX/texmf-dist/tex/generic/pgf/basiclayer/pgfcore.code.te
x
Package: pgfcore 2020/01/08 v3.1.5b (3.1.5b)
(/home/deependra/.TinyTeX/texmf-dist/tex/generic/pgf/math/pgfmath.code.tex (/ho
me/deependra/.TinyTeX/texmf-dist/tex/generic/pgf/math/pgfmathcalc.code.tex (/ho
me/deependra/.TinyTeX/texmf-dist/tex/generic/pgf/math/pgfmathutil.code.tex)
(/home/deependra/.TinyTeX/texmf-dist/tex/generic/pgf/math/pgfmathparser.code.te
x
\pgfmath@dimen=\dimen300
\pgfmath@count=\count353
\pgfmath@box=\box82
\pgfmath@toks=\toks52
\pgfmath@stack@operand=\toks53
\pgfmath@stack@operation=\toks54
)
(/home/deependra/.TinyTeX/texmf-dist/tex/generic/pgf/math/pgfmathfunctions.code
.tex
(/home/deependra/.TinyTeX/texmf-dist/tex/generic/pgf/math/pgfmathfunctions.basi
c.code.tex)
(/home/deependra/.TinyTeX/texmf-dist/tex/generic/pgf/math/pgfmathfunctions.trig
onometric.code.tex)
(/home/deependra/.TinyTeX/texmf-dist/tex/generic/pgf/math/pgfmathfunctions.rand
om.code.tex)
(/home/deependra/.TinyTeX/texmf-dist/tex/generic/pgf/math/pgfmathfunctions.comp
arison.code.tex)
(/home/deependra/.TinyTeX/texmf-dist/tex/generic/pgf/math/pgfmathfunctions.base
.code.tex)
(/home/deependra/.TinyTeX/texmf-dist/tex/generic/pgf/math/pgfmathfunctions.roun
d.code.tex)
(/home/deependra/.TinyTeX/texmf-dist/tex/generic/pgf/math/pgfmathfunctions.misc
.code.tex)
(/home/deependra/.TinyTeX/texmf-dist/tex/generic/pgf/math/pgfmathfunctions.inte
gerarithmetics.code.tex)))
(/home/deependra/.TinyTeX/texmf-dist/tex/generic/pgf/math/pgfmathfloat.code.tex
\c@pgfmathroundto@lastzeros=\count354
)) (/home/deependra/.TinyTeX/texmf-dist/tex/generic/pgf/math/pgfint.code.tex)
(/home/deependra/.TinyTeX/texmf-dist/tex/generic/pgf/basiclayer/pgfcorepoints.c
ode.tex
File: pgfcorepoints.code.tex 2020/01/08 v3.1.5b (3.1.5b)
\pgf@picminx=\dimen301
\pgf@picmaxx=\dimen302
\pgf@picminy=\dimen303
\pgf@picmaxy=\dimen304
\pgf@pathminx=\dimen305
\pgf@pathmaxx=\dimen306
\pgf@pathminy=\dimen307
\pgf@pathmaxy=\dimen308
\pgf@xx=\dimen309
\pgf@xy=\dimen310
\pgf@yx=\dimen311
\pgf@yy=\dimen312
\pgf@zx=\dimen313
\pgf@zy=\dimen314
)
(/home/deependra/.TinyTeX/texmf-dist/tex/generic/pgf/basiclayer/pgfcorepathcons
truct.code.tex
File: pgfcorepathconstruct.code.tex 2020/01/08 v3.1.5b (3.1.5b)
\pgf@path@lastx=\dimen315
\pgf@path@lasty=\dimen316
)
(/home/deependra/.TinyTeX/texmf-dist/tex/generic/pgf/basiclayer/pgfcorepathusag
e.code.tex
File: pgfcorepathusage.code.tex 2020/01/08 v3.1.5b (3.1.5b)
\pgf@shorten@end@additional=\dimen317
\pgf@shorten@start@additional=\dimen318
)
(/home/deependra/.TinyTeX/texmf-dist/tex/generic/pgf/basiclayer/pgfcorescopes.c
ode.tex
File: pgfcorescopes.code.tex 2020/01/08 v3.1.5b (3.1.5b)
\pgfpic=\box83
\pgf@hbox=\box84
\pgf@layerbox@main=\box85
\pgf@picture@serial@count=\count355
)
(/home/deependra/.TinyTeX/texmf-dist/tex/generic/pgf/basiclayer/pgfcoregraphics
tate.code.tex
File: pgfcoregraphicstate.code.tex 2020/01/08 v3.1.5b (3.1.5b)
\pgflinewidth=\dimen319
)
(/home/deependra/.TinyTeX/texmf-dist/tex/generic/pgf/basiclayer/pgfcoretransfor
mations.code.tex
File: pgfcoretransformations.code.tex 2020/01/08 v3.1.5b (3.1.5b)
\pgf@pt@x=\dimen320
\pgf@pt@y=\dimen321
\pgf@pt@temp=\dimen322
)
(/home/deependra/.TinyTeX/texmf-dist/tex/generic/pgf/basiclayer/pgfcorequick.co
de.tex
File: pgfcorequick.code.tex 2020/01/08 v3.1.5b (3.1.5b)
)
(/home/deependra/.TinyTeX/texmf-dist/tex/generic/pgf/basiclayer/pgfcoreobjects.
code.tex
File: pgfcoreobjects.code.tex 2020/01/08 v3.1.5b (3.1.5b)
)
(/home/deependra/.TinyTeX/texmf-dist/tex/generic/pgf/basiclayer/pgfcorepathproc
essing.code.tex
File: pgfcorepathprocessing.code.tex 2020/01/08 v3.1.5b (3.1.5b)
)
(/home/deependra/.TinyTeX/texmf-dist/tex/generic/pgf/basiclayer/pgfcorearrows.c
ode.tex
File: pgfcorearrows.code.tex 2020/01/08 v3.1.5b (3.1.5b)
\pgfarrowsep=\dimen323
)
(/home/deependra/.TinyTeX/texmf-dist/tex/generic/pgf/basiclayer/pgfcoreshade.co
de.tex
File: pgfcoreshade.code.tex 2020/01/08 v3.1.5b (3.1.5b)
\pgf@max=\dimen324
\pgf@sys@shading@range@num=\count356
\pgf@shadingcount=\count357
)
(/home/deependra/.TinyTeX/texmf-dist/tex/generic/pgf/basiclayer/pgfcoreimage.co
de.tex
File: pgfcoreimage.code.tex 2020/01/08 v3.1.5b (3.1.5b)

(/home/deependra/.TinyTeX/texmf-dist/tex/generic/pgf/basiclayer/pgfcoreexternal
.code.tex
File: pgfcoreexternal.code.tex 2020/01/08 v3.1.5b (3.1.5b)
\pgfexternal@startupbox=\box86
))
(/home/deependra/.TinyTeX/texmf-dist/tex/generic/pgf/basiclayer/pgfcorelayers.c
ode.tex
File: pgfcorelayers.code.tex 2020/01/08 v3.1.5b (3.1.5b)
)
(/home/deependra/.TinyTeX/texmf-dist/tex/generic/pgf/basiclayer/pgfcoretranspar
ency.code.tex
File: pgfcoretransparency.code.tex 2020/01/08 v3.1.5b (3.1.5b)
)
(/home/deependra/.TinyTeX/texmf-dist/tex/generic/pgf/basiclayer/pgfcorepatterns
.code.tex
File: pgfcorepatterns.code.tex 2020/01/08 v3.1.5b (3.1.5b)
)
(/home/deependra/.TinyTeX/texmf-dist/tex/generic/pgf/basiclayer/pgfcorerdf.code
.tex
File: pgfcorerdf.code.tex 2020/01/08 v3.1.5b (3.1.5b)
)))
(/home/deependra/.TinyTeX/texmf-dist/tex/generic/pgf/modules/pgfmoduleshapes.co
de.tex
File: pgfmoduleshapes.code.tex 2020/01/08 v3.1.5b (3.1.5b)
\pgfnodeparttextbox=\box87
)
(/home/deependra/.TinyTeX/texmf-dist/tex/generic/pgf/modules/pgfmoduleplot.code
.tex
File: pgfmoduleplot.code.tex 2020/01/08 v3.1.5b (3.1.5b)
)
(/home/deependra/.TinyTeX/texmf-dist/tex/latex/pgf/compatibility/pgfcomp-versio
n-0-65.sty
Package: pgfcomp-version-0-65 2020/01/08 v3.1.5b (3.1.5b)
\pgf@nodesepstart=\dimen325
\pgf@nodesepend=\dimen326
)
(/home/deependra/.TinyTeX/texmf-dist/tex/latex/pgf/compatibility/pgfcomp-versio
n-1-18.sty
Package: pgfcomp-version-1-18 2020/01/08 v3.1.5b (3.1.5b)
)) (/home/deependra/.TinyTeX/texmf-dist/tex/latex/tools/verbatim.sty
Package: verbatim 2019/11/10 v1.5r LaTeX2e package for verbatim enhancements
\every@verbatim=\toks55
\verbatim@line=\toks56
\verbatim@in@stream=\read3
) (/home/deependra/.TinyTeX/texmf-dist/tex/latex/environ/environ.sty
Package: environ 2014/05/04 v0.3 A new way to define environments
(/home/deependra/.TinyTeX/texmf-dist/tex/latex/trimspaces/trimspaces.sty
Package: trimspaces 2009/09/17 v1.1 Trim spaces around a token list
))
\tcb@titlebox=\box88
\tcb@upperbox=\box89
\tcb@lowerbox=\box90
\tcb@phantombox=\box91
\c@tcbbreakpart=\count358
\c@tcblayer=\count359
\tcolorbox@number=\count360
\tcb@temp=\box92
\tcb@temp=\box93
\tcb@temp=\box94
\tcb@temp=\box95
\tcb@out=\write4
\tcb@record@out=\write5
(/home/deependra/.TinyTeX/texmf-dist/tex/latex/tcolorbox/tcbraster.code.tex
Library (tcolorbox): 'tcbraster.code.tex' version '4.22'
\c@tcbrastercolumn=\count361
\c@tcbrasterrow=\count362
\c@tcbraster=\count363
) (/home/deependra/.TinyTeX/texmf-dist/tex/latex/tcolorbox/tcbskins.code.tex
Library (tcolorbox): 'tcbskins.code.tex' version '4.22'
(/home/deependra/.TinyTeX/texmf-dist/tex/latex/pgf/frontendlayer/tikz.sty (/hom
e/deependra/.TinyTeX/texmf-dist/tex/latex/pgf/utilities/pgffor.sty (/home/deepe
ndra/.TinyTeX/texmf-dist/tex/latex/pgf/utilities/pgfkeys.sty
(/home/deependra/.TinyTeX/texmf-dist/tex/generic/pgf/utilities/pgfkeys.code.tex
)) (/home/deependra/.TinyTeX/texmf-dist/tex/latex/pgf/math/pgfmath.sty (/home/d
eependra/.TinyTeX/texmf-dist/tex/generic/pgf/math/pgfmath.code.tex)) (/home/dee
pendra/.TinyTeX/texmf-dist/tex/generic/pgf/utilities/pgffor.code.tex
Package: pgffor 2020/01/08 v3.1.5b (3.1.5b)
(/home/deependra/.TinyTeX/texmf-dist/tex/generic/pgf/math/pgfmath.code.tex)
\pgffor@iter=\dimen327
\pgffor@skip=\dimen328
\pgffor@stack=\toks57
\pgffor@toks=\toks58
))
(/home/deependra/.TinyTeX/texmf-dist/tex/generic/pgf/frontendlayer/tikz/tikz.co
de.tex
Package: tikz 2020/01/08 v3.1.5b (3.1.5b)

(/home/deependra/.TinyTeX/texmf-dist/tex/generic/pgf/libraries/pgflibraryplotha
ndlers.code.tex
File: pgflibraryplothandlers.code.tex 2020/01/08 v3.1.5b (3.1.5b)
\pgf@plot@mark@count=\count364
\pgfplotmarksize=\dimen329
)
\tikz@lastx=\dimen330
\tikz@lasty=\dimen331
\tikz@lastxsaved=\dimen332
\tikz@lastysaved=\dimen333
\tikz@lastmovetox=\dimen334
\tikz@lastmovetoy=\dimen335
\tikzleveldistance=\dimen336
\tikzsiblingdistance=\dimen337
\tikz@figbox=\box96
\tikz@figbox@bg=\box97
\tikz@tempbox=\box98
\tikz@tempbox@bg=\box99
\tikztreelevel=\count365
\tikznumberofchildren=\count366
\tikznumberofcurrentchild=\count367
\tikz@fig@count=\count368

(/home/deependra/.TinyTeX/texmf-dist/tex/generic/pgf/modules/pgfmodulematrix.co
de.tex
File: pgfmodulematrix.code.tex 2020/01/08 v3.1.5b (3.1.5b)
\pgfmatrixcurrentrow=\count369
\pgfmatrixcurrentcolumn=\count370
\pgf@matrix@numberofcolumns=\count371
)
\tikz@expandcount=\count372

(/home/deependra/.TinyTeX/texmf-dist/tex/generic/pgf/frontendlayer/tikz/librari
es/tikzlibrarytopaths.code.tex
File: tikzlibrarytopaths.code.tex 2020/01/08 v3.1.5b (3.1.5b)
)))
\tcb@waterbox=\box100

(/home/deependra/.TinyTeX/texmf-dist/tex/latex/tcolorbox/tcbskinsjigsaw.code.te
x
Library (tcolorbox): 'tcbskinsjigsaw.code.tex' version '4.22'
)) (/home/deependra/.TinyTeX/texmf-dist/tex/latex/tcolorbox/tcbbreakable.code.t
ex
Library (tcolorbox): 'tcbbreakable.code.tex' version '4.22'
\tcb@testbox=\box101
\tcb@totalupperbox=\box102
\tcb@totallowerbox=\box103
) (/home/deependra/.TinyTeX/texmf-dist/tex/latex/tcolorbox/tcbhooks.code.tex
Library (tcolorbox): 'tcbhooks.code.tex' version '4.22'
) (/home/deependra/.TinyTeX/texmf-dist/tex/latex/tcolorbox/tcbtheorems.code.tex
Library (tcolorbox): 'tcbtheorems.code.tex' version '4.22'
) (/home/deependra/.TinyTeX/texmf-dist/tex/latex/tcolorbox/tcbfitting.code.tex
Library (tcolorbox): 'tcbfitting.code.tex' version '4.22'
\tcbfitdim=\dimen338
\tcb@lowerfitdim=\dimen339
\tcb@upperfitdim=\dimen340
\tcb@cur@hbadness=\count373
) (/home/deependra/.TinyTeX/texmf-dist/tex/latex/tcolorbox/tcbxparse.code.tex
Library (tcolorbox): 'tcbxparse.code.tex' version '4.22'
)
(/home/deependra/.TinyTeX/texmf-dist/tex/latex/tcolorbox/tcblistingsutf8.code.t
ex
Library (tcolorbox): 'tcblistingsutf8.code.tex' version '4.22'
(/home/deependra/.TinyTeX/texmf-dist/tex/latex/listingsutf8/listingsutf8.sty
Package: listingsutf8 2019-12-10 v1.5 Allow UTF-8 in listings input (HO)
(/home/deependra/.TinyTeX/texmf-dist/tex/latex/listings/listings.sty
\lst@mode=\count374
\lst@gtempboxa=\box104
\lst@token=\toks59
\lst@length=\count375
\lst@currlwidth=\dimen341
\lst@column=\count376
\lst@pos=\count377
\lst@lostspace=\dimen342
\lst@width=\dimen343
\lst@newlines=\count378
\lst@lineno=\count379
\lst@maxwidth=\dimen344
(/home/deependra/.TinyTeX/texmf-dist/tex/latex/listings/lstmisc.sty
File: lstmisc.sty 2019/09/10 1.8c (Carsten Heinz)
\c@lstnumber=\count380
\lst@skipnumbers=\count381
\lst@framebox=\box105
) (/home/deependra/.TinyTeX/texmf-dist/tex/latex/listings/listings.cfg
File: listings.cfg 2019/09/10 1.8c listings configuration
))
Package: listings 2019/09/10 1.8c (Carsten Heinz)

Package listingsutf8 Warning: Package loading is aborted because of missing \pd
f@unescapehex.
(listingsutf8)                It is provided by pdfTeX >= 1.30.

) (/home/deependra/.TinyTeX/texmf-dist/tex/latex/tcolorbox/tcblistings.code.tex
Library (tcolorbox): 'tcblistings.code.tex' version '4.22'

(/home/deependra/.TinyTeX/texmf-dist/tex/latex/tcolorbox/tcblistingscore.code.t
ex
Library (tcolorbox): 'tcblistingscore.code.tex' version '4.22'

(/home/deependra/.TinyTeX/texmf-dist/tex/latex/tcolorbox/tcbprocessing.code.tex
Library (tcolorbox): 'tcbprocessing.code.tex' version '4.22'
(/home/deependra/.TinyTeX/texmf-dist/tex/latex/tools/shellesc.sty
Package: shellesc 2019/11/08 v1.0c unified shell escape interface for LaTeX
Package shellesc Info: Restricted shell escape enabled on input line 77.
))
\c@tcblisting=\count382
))) (/home/deependra/.TinyTeX/texmf-dist/tex/latex/tcolorbox/tcbexternal.code.t
ex
Library (tcolorbox): 'tcbexternal.code.tex' version '4.22'
) (/home/deependra/.TinyTeX/texmf-dist/tex/latex/tcolorbox/tcbmagazine.code.tex
Library (tcolorbox): 'tcbmagazine.code.tex' version '4.22'
) (/home/deependra/.TinyTeX/texmf-dist/tex/latex/tcolorbox/tcbvignette.code.tex
Library (tcolorbox): 'tcbvignette.code.tex' version '4.22'

(/home/deependra/.TinyTeX/texmf-dist/tex/generic/pgf/frontendlayer/tikz/librari
es/tikzlibraryfadings.code.tex
File: tikzlibraryfadings.code.tex 2020/01/08 v3.1.5b (3.1.5b)

(/home/deependra/.TinyTeX/texmf-dist/tex/generic/pgf/libraries/pgflibraryfading
s.code.tex
File: pgflibraryfadings.code.tex 2020/01/08 v3.1.5b (3.1.5b)
))) (/home/deependra/.TinyTeX/texmf-dist/tex/latex/tcolorbox/tcbposter.code.tex
Library (tcolorbox): 'tcbposter.code.tex' version '4.22'
)) (/home/deependra/.TinyTeX/texmf-dist/tex/latex/natbib/natbib.sty
Package: natbib 2010/09/13 8.31b (PWD, AO)
\bibhang=\skip87
\bibsep=\skip88
LaTeX Info: Redefining \cite on input line 694.
\c@NAT@ctr=\count383
) (./comprehensive-crap-objective.aux

LaTeX Warning: Label `tab:nepal-peaks' multiply defined.

)
\openout1 = `comprehensive-crap-objective.aux'.

LaTeX Font Info:    Checking defaults for OML/cmm/m/it on input line 269.
LaTeX Font Info:    ... okay on input line 269.
LaTeX Font Info:    Checking defaults for OMS/cmsy/m/n on input line 269.
LaTeX Font Info:    ... okay on input line 269.
LaTeX Font Info:    Checking defaults for OT1/cmr/m/n on input line 269.
LaTeX Font Info:    ... okay on input line 269.
LaTeX Font Info:    Checking defaults for T1/cmr/m/n on input line 269.
LaTeX Font Info:    ... okay on input line 269.
LaTeX Font Info:    Checking defaults for TS1/cmr/m/n on input line 269.
LaTeX Font Info:    ... okay on input line 269.
LaTeX Font Info:    Checking defaults for TU/lmr/m/n on input line 269.
LaTeX Font Info:    ... okay on input line 269.
LaTeX Font Info:    Checking defaults for OMX/cmex/m/n on input line 269.
LaTeX Font Info:    ... okay on input line 269.
LaTeX Font Info:    Checking defaults for U/cmr/m/n on input line 269.
LaTeX Font Info:    ... okay on input line 269.
LaTeX Font Info:    Checking defaults for PD1/pdf/m/n on input line 269.
LaTeX Font Info:    ... okay on input line 269.
LaTeX Font Info:    Checking defaults for PU/pdf/m/n on input line 269.
LaTeX Font Info:    ... okay on input line 269.
LaTeX Font Info:    Overwriting math alphabet `\mathrm' in version `normal'
(Font)                  OT1/lmr/m/n --> TU/lmr/m/n on input line 269.
LaTeX Font Info:    Overwriting math alphabet `\mathit' in version `normal'
(Font)                  OT1/lmr/m/it --> TU/lmr/m/it on input line 269.
LaTeX Font Info:    Overwriting math alphabet `\mathbf' in version `normal'
(Font)                  OT1/lmr/bx/n --> TU/lmr/bx/n on input line 269.
LaTeX Font Info:    Overwriting math alphabet `\mathsf' in version `normal'
(Font)                  OT1/lmss/m/n --> TU/lmss/m/n on input line 269.
LaTeX Font Info:    Overwriting math alphabet `\mathsf' in version `bold'
(Font)                  OT1/lmss/bx/n --> TU/lmss/bx/n on input line 269.
LaTeX Font Info:    Overwriting math alphabet `\mathtt' in version `normal'
(Font)                  OT1/lmtt/m/n --> TU/lmtt/m/n on input line 269.
LaTeX Font Info:    Overwriting math alphabet `\mathtt' in version `bold'
(Font)                  OT1/lmtt/m/n --> TU/lmtt/bx/n on input line 269.

Package fontspec Info: latinmodern-math scale = 0.9999964596882403.


Package fontspec Info: latinmodern-math scale = 0.9999964596882403.


Package fontspec Info: latinmodern-math scale = 0.9999964596882403.


Package fontspec Info: Font family 'latinmodern-math.otf(0)' created for font
(fontspec)             'latinmodern-math.otf' with options
(fontspec)             [Scale=MatchLowercase,BoldItalicFont={},ItalicFont={},Sm
allCapsFont={},Script=Math,BoldFont={latinmodern-math.otf}].
(fontspec)              
(fontspec)              This font family consists of the following NFSS
(fontspec)             series/shapes:
(fontspec)              
(fontspec)             - 'normal' (m/n) with NFSS spec.:
(fontspec)             <->s*[0.9999964596882403]"[latinmodern-math.otf]/OT:scri
pt=math;language=dflt;"
(fontspec)             - 'small caps'  (m/sc) with NFSS spec.: 
(fontspec)             - 'bold' (b/n) with NFSS spec.:
(fontspec)             <->s*[0.9999964596882403]"[latinmodern-math.otf]/OT:scri
pt=math;language=dflt;"
(fontspec)             - 'bold small caps'  (b/sc) with NFSS spec.: 

LaTeX Font Info:    Font shape `TU/latinmodern-math.otf(0)/m/n' will be
(Font)              scaled to size 10.0pt on input line 269.

Package fontspec Info: latinmodern-math scale = 0.9999964596882403.


Package fontspec Info: latinmodern-math scale = 0.9999964596882403.


Package fontspec Info: latinmodern-math scale = 0.9999964596882403.


Package fontspec Info: latinmodern-math scale = 0.9999964596882403.


Package fontspec Info: latinmodern-math scale = 0.9999964596882403.


Package fontspec Info: Font family 'latinmodern-math.otf(1)' created for font
(fontspec)             'latinmodern-math.otf' with options
(fontspec)             [Scale=MatchLowercase,BoldItalicFont={},ItalicFont={},Sm
allCapsFont={},Script=Math,SizeFeatures={{Size=8.5-},{Size=6-8.5,Font=latinmode
rn-math.otf,Style=MathScript},{Size=-6,Font=latinmodern-math.otf,Style=MathScri
ptScript}},BoldFont={latinmodern-math.otf}].
(fontspec)              
(fontspec)              This font family consists of the following NFSS
(fontspec)             series/shapes:
(fontspec)              
(fontspec)             - 'normal' (m/n) with NFSS spec.:
(fontspec)             <8.5->s*[0.9999964596882403]"[latinmodern-math.otf]/OT:s
cript=math;language=dflt;"<6-8.5>s*[0.9999964596882403]"[latinmodern-math.otf]/
OT:script=math;language=dflt;+ssty=0;"<-6>s*[0.9999964596882403]"[latinmodern-m
ath.otf]/OT:script=math;language=dflt;+ssty=1;"
(fontspec)             - 'small caps'  (m/sc) with NFSS spec.: 
(fontspec)             - 'bold' (b/n) with NFSS spec.:
(fontspec)             <->s*[0.9999964596882403]"[latinmodern-math.otf]/OT:scri
pt=math;language=dflt;"
(fontspec)             - 'bold small caps'  (b/sc) with NFSS spec.: 

LaTeX Font Info:    Font shape `TU/latinmodern-math.otf(1)/m/n' will be
(Font)              scaled to size 10.0pt on input line 269.
LaTeX Font Info:    Encoding `OT1' has changed to `TU' for symbol font
(Font)              `operators' in the math version `normal' on input line 269.

LaTeX Font Info:    Overwriting symbol font `operators' in version `normal'
(Font)                  OT1/lmr/m/n --> TU/latinmodern-math.otf(1)/m/n on input
 line 269.
LaTeX Font Info:    Encoding `OT1' has changed to `TU' for symbol font
(Font)              `operators' in the math version `bold' on input line 269.
LaTeX Font Info:    Overwriting symbol font `operators' in version `bold'
(Font)                  OT1/lmr/bx/n --> TU/latinmodern-math.otf(1)/b/n on inpu
t line 269.

Package fontspec Info: latinmodern-math scale = 0.9999964596882403.


Package fontspec Info: latinmodern-math scale = 1.000096459334209.


Package fontspec Info: latinmodern-math scale = 0.9999964596882403.


Package fontspec Info: latinmodern-math scale = 1.000096459334209.


Package fontspec Info: latinmodern-math scale = 0.9999964596882403.


Package fontspec Info: latinmodern-math scale = 1.000096459334209.


Package fontspec Info: latinmodern-math scale = 0.9999964596882403.


Package fontspec Info: latinmodern-math scale = 1.000096459334209.


Package fontspec Info: latinmodern-math scale = 0.9999964596882403.


Package fontspec Info: latinmodern-math scale = 1.000096459334209.


Package fontspec Info: Font family 'latinmodern-math.otf(2)' created for font
(fontspec)             'latinmodern-math.otf' with options
(fontspec)             [Scale=MatchLowercase,BoldItalicFont={},ItalicFont={},Sm
allCapsFont={},Script=Math,SizeFeatures={{Size=8.5-},{Size=6-8.5,Font=latinmode
rn-math.otf,Style=MathScript},{Size=-6,Font=latinmodern-math.otf,Style=MathScri
ptScript}},BoldFont={latinmodern-math.otf},ScaleAgain=1.0001,FontAdjustment={\f
ontdimen
(fontspec)             8\font =6.77pt\relax \fontdimen 9\font =3.94pt\relax
(fontspec)             \fontdimen 10\font =4.44pt\relax \fontdimen 11\font
(fontspec)             =6.86pt\relax \fontdimen 12\font =3.45pt\relax
(fontspec)             \fontdimen 13\font =3.63pt\relax \fontdimen 14\font
(fontspec)             =3.63pt\relax \fontdimen 15\font =2.89pt\relax
(fontspec)             \fontdimen 16\font =2.47pt\relax \fontdimen 17\font
(fontspec)             =2.47pt\relax \fontdimen 18\font =2.5pt\relax
(fontspec)             \fontdimen 19\font =2.0pt\relax \fontdimen 22\font
(fontspec)             =2.5pt\relax \fontdimen 20\font =0pt\relax \fontdimen
(fontspec)             21\font =0pt\relax }].
(fontspec)              
(fontspec)              This font family consists of the following NFSS
(fontspec)             series/shapes:
(fontspec)              
(fontspec)             - 'normal' (m/n) with NFSS spec.:
(fontspec)             <8.5->s*[1.000096459334209]"[latinmodern-math.otf]/OT:sc
ript=math;language=dflt;"<6-8.5>s*[1.000096459334209]"[latinmodern-math.otf]/OT
:script=math;language=dflt;+ssty=0;"<-6>s*[1.000096459334209]"[latinmodern-math
.otf]/OT:script=math;language=dflt;+ssty=1;"
(fontspec)             - 'small caps'  (m/sc) with NFSS spec.: 
(fontspec)             and font adjustment code:
(fontspec)             \fontdimen 8\font =6.77pt\relax \fontdimen 9\font
(fontspec)             =3.94pt\relax \fontdimen 10\font =4.44pt\relax
(fontspec)             \fontdimen 11\font =6.86pt\relax \fontdimen 12\font
(fontspec)             =3.45pt\relax \fontdimen 13\font =3.63pt\relax
(fontspec)             \fontdimen 14\font =3.63pt\relax \fontdimen 15\font
(fontspec)             =2.89pt\relax \fontdimen 16\font =2.47pt\relax
(fontspec)             \fontdimen 17\font =2.47pt\relax \fontdimen 18\font
(fontspec)             =2.5pt\relax \fontdimen 19\font =2.0pt\relax \fontdimen
(fontspec)             22\font =2.5pt\relax \fontdimen 20\font =0pt\relax
(fontspec)             \fontdimen 21\font =0pt\relax 
(fontspec)             - 'bold' (b/n) with NFSS spec.:
(fontspec)             <->s*[1.000096459334209]"[latinmodern-math.otf]/OT:scrip
t=math;language=dflt;"
(fontspec)             - 'bold small caps'  (b/sc) with NFSS spec.: 
(fontspec)             and font adjustment code:
(fontspec)             \fontdimen 8\font =6.77pt\relax \fontdimen 9\font
(fontspec)             =3.94pt\relax \fontdimen 10\font =4.44pt\relax
(fontspec)             \fontdimen 11\font =6.86pt\relax \fontdimen 12\font
(fontspec)             =3.45pt\relax \fontdimen 13\font =3.63pt\relax
(fontspec)             \fontdimen 14\font =3.63pt\relax \fontdimen 15\font
(fontspec)             =2.89pt\relax \fontdimen 16\font =2.47pt\relax
(fontspec)             \fontdimen 17\font =2.47pt\relax \fontdimen 18\font
(fontspec)             =2.5pt\relax \fontdimen 19\font =2.0pt\relax \fontdimen
(fontspec)             22\font =2.5pt\relax \fontdimen 20\font =0pt\relax
(fontspec)             \fontdimen 21\font =0pt\relax 

LaTeX Font Info:    Encoding `OMS' has changed to `TU' for symbol font
(Font)              `symbols' in the math version `normal' on input line 269.
LaTeX Font Info:    Overwriting symbol font `symbols' in version `normal'
(Font)                  OMS/lmsy/m/n --> TU/latinmodern-math.otf(2)/m/n on inpu
t line 269.
LaTeX Font Info:    Encoding `OMS' has changed to `TU' for symbol font
(Font)              `symbols' in the math version `bold' on input line 269.
LaTeX Font Info:    Overwriting symbol font `symbols' in version `bold'
(Font)                  OMS/lmsy/b/n --> TU/latinmodern-math.otf(2)/b/n on inpu
t line 269.

Package fontspec Info: latinmodern-math scale = 0.9999964596882403.


Package fontspec Info: latinmodern-math scale = 0.9998964600422715.


Package fontspec Info: latinmodern-math scale = 0.9999964596882403.


Package fontspec Info: latinmodern-math scale = 0.9998964600422715.


Package fontspec Info: latinmodern-math scale = 0.9999964596882403.


Package fontspec Info: latinmodern-math scale = 0.9998964600422715.


Package fontspec Info: latinmodern-math scale = 0.9999964596882403.


Package fontspec Info: latinmodern-math scale = 0.9998964600422715.


Package fontspec Info: latinmodern-math scale = 0.9999964596882403.


Package fontspec Info: latinmodern-math scale = 0.9998964600422715.


Package fontspec Info: Font family 'latinmodern-math.otf(3)' created for font
(fontspec)             'latinmodern-math.otf' with options
(fontspec)             [Scale=MatchLowercase,BoldItalicFont={},ItalicFont={},Sm
allCapsFont={},Script=Math,SizeFeatures={{Size=8.5-},{Size=6-8.5,Font=latinmode
rn-math.otf,Style=MathScript},{Size=-6,Font=latinmodern-math.otf,Style=MathScri
ptScript}},BoldFont={latinmodern-math.otf},ScaleAgain=0.9999,FontAdjustment={\f
ontdimen
(fontspec)             8\font =0.4pt\relax \fontdimen 9\font =2.0pt\relax
(fontspec)             \fontdimen 10\font =1.67pt\relax \fontdimen 11\font
(fontspec)             =1.11pt\relax \fontdimen 12\font =6.0pt\relax
(fontspec)             \fontdimen 13\font =0pt\relax }].
(fontspec)              
(fontspec)              This font family consists of the following NFSS
(fontspec)             series/shapes:
(fontspec)              
(fontspec)             - 'normal' (m/n) with NFSS spec.:
(fontspec)             <8.5->s*[0.9998964600422715]"[latinmodern-math.otf]/OT:s
cript=math;language=dflt;"<6-8.5>s*[0.9998964600422715]"[latinmodern-math.otf]/
OT:script=math;language=dflt;+ssty=0;"<-6>s*[0.9998964600422715]"[latinmodern-m
ath.otf]/OT:script=math;language=dflt;+ssty=1;"
(fontspec)             - 'small caps'  (m/sc) with NFSS spec.: 
(fontspec)             and font adjustment code:
(fontspec)             \fontdimen 8\font =0.4pt\relax \fontdimen 9\font
(fontspec)             =2.0pt\relax \fontdimen 10\font =1.67pt\relax
(fontspec)             \fontdimen 11\font =1.11pt\relax \fontdimen 12\font
(fontspec)             =6.0pt\relax \fontdimen 13\font =0pt\relax 
(fontspec)             - 'bold' (b/n) with NFSS spec.:
(fontspec)             <->s*[0.9998964600422715]"[latinmodern-math.otf]/OT:scri
pt=math;language=dflt;"
(fontspec)             - 'bold small caps'  (b/sc) with NFSS spec.: 
(fontspec)             and font adjustment code:
(fontspec)             \fontdimen 8\font =0.4pt\relax \fontdimen 9\font
(fontspec)             =2.0pt\relax \fontdimen 10\font =1.67pt\relax
(fontspec)             \fontdimen 11\font =1.11pt\relax \fontdimen 12\font
(fontspec)             =6.0pt\relax \fontdimen 13\font =0pt\relax 

LaTeX Font Info:    Encoding `OMX' has changed to `TU' for symbol font
(Font)              `largesymbols' in the math version `normal' on input line 2
69.
LaTeX Font Info:    Overwriting symbol font `largesymbols' in version `normal'
(Font)                  OMX/lmex/m/n --> TU/latinmodern-math.otf(3)/m/n on inpu
t line 269.
LaTeX Font Info:    Encoding `OMX' has changed to `TU' for symbol font
(Font)              `largesymbols' in the math version `bold' on input line 269
.
LaTeX Font Info:    Overwriting symbol font `largesymbols' in version `bold'
(Font)                  OMX/lmex/m/n --> TU/latinmodern-math.otf(3)/b/n on inpu
t line 269.

Package unicode-math Warning: Using \overbracket and \underbracket from
(unicode-math)                `mathtools' package.
(unicode-math)                 
(unicode-math)                 Use \Uoverbracket and \Uunderbracket for
(unicode-math)                original `unicode-math' definition.


Package unicode-math Warning: I'm going to overwrite the following commands
(unicode-math)                from the `mathtools' package: 
(unicode-math)                 
(unicode-math)                     \dblcolon, \coloneqq, \Coloneqq, \eqqcolon.
(unicode-math)                
(unicode-math)                 
(unicode-math)                 Note that since I won't overwrite the other
(unicode-math)                colon-like commands, using them will lead to
(unicode-math)                inconsistencies.

LaTeX Info: Redefining \microtypecontext on input line 269.
Package microtype Info: Character protrusion enabled (level 2).
Package microtype Info: Using protrusion set `basicmath'.
Package microtype Info: No adjustment of tracking.
Package microtype Info: No adjustment of spacing.
Package microtype Info: No adjustment of kerning.

(/home/deependra/.TinyTeX/texmf-dist/tex/latex/microtype/mt-LatinModernRoman.cf
g
File: mt-LatinModernRoman.cfg 2013/03/13 v1.0 microtype config. file: Latin Mod
ern Roman (RS)
)
\AtBeginShipoutBox=\box106
Package hyperref Info: Link coloring OFF on input line 269.
(/home/deependra/.TinyTeX/texmf-dist/tex/latex/hyperref/nameref.sty
Package: nameref 2019/09/16 v2.46 Cross-referencing by name of section
(/home/deependra/.TinyTeX/texmf-dist/tex/latex/refcount/refcount.sty
Package: refcount 2019/12/15 v3.6 Data extraction from label references (HO)
)
(/home/deependra/.TinyTeX/texmf-dist/tex/generic/gettitlestring/gettitlestring.
sty
Package: gettitlestring 2019/12/15 v1.6 Cleanup title references (HO)
)
\c@section@level=\count384
)
LaTeX Info: Redefining \ref on input line 269.
LaTeX Info: Redefining \pageref on input line 269.
LaTeX Info: Redefining \nameref on input line 269.
*geometry* driver: auto-detecting
*geometry* detected driver: xetex
*geometry* verbose mode - [ preamble ] result:
* driver: xetex
* paper: a4paper
* layout: <same size as paper>
* layoutoffset:(h,v)=(0.0pt,0.0pt)
* modes: twoside 
* h-part:(L,W,R)=(71.13188pt, 455.24411pt, 71.13188pt)
* v-part:(T,H,B)=(85.35826pt, 674.33032pt, 85.35826pt)
* \paperwidth=597.50787pt
* \paperheight=845.04684pt
* \textwidth=455.24411pt
* \textheight=674.33032pt
* \oddsidemargin=-1.1381pt
* \evensidemargin=-1.1381pt
* \topmargin=-76.1111pt
* \headheight=71.13188pt
* \headsep=18.06749pt
* \topskip=10.0pt
* \footskip=56.9055pt
* \marginparwidth=125.0pt
* \marginparsep=7.0pt
* \columnsep=10.0pt
* \skip\footins=9.0pt plus 4.0pt minus 2.0pt
* \hoffset=0.0pt
* \voffset=0.0pt
* \mag=1000
* \@twocolumnfalse
* \@twosidetrue
* \@mparswitchtrue
* \@reversemarginfalse
* (1in=72.27pt=25.4mm, 1cm=28.453pt)

Package caption Info: Begin \AtBeginDocument code.
Package caption Info: listings package is loaded.
Package caption Info: End \AtBeginDocument code.

(/home/deependra/.TinyTeX/texmf-dist/tex/latex/translator/translator-basic-dict
ionary-English.dict
Dictionary: translator-basic-dictionary, Language: English 
)
(/home/deependra/.TinyTeX/texmf-dist/tex/latex/siunitx/siunitx-abbreviations.cf
g
File: siunitx-abbreviations.cfg 2017/11/26 v2.7k siunitx: Abbreviated units
) ABD: EveryShipout initializing macros
\c@lstlisting=\count385
(/home/deependra/.TinyTeX/texmf-dist/tex/latex/base/inputenc.sty
Package: inputenc 2018/08/11 v1.3c Input encoding file
\inpenc@prehook=\toks60
\inpenc@posthook=\toks61
)
LaTeX Font Info:    Font shape `TU/latinmodern-math.otf(1)/m/n' will be
(Font)              scaled to size 7.0pt on input line 269.
LaTeX Font Info:    Font shape `TU/latinmodern-math.otf(1)/m/n' will be
(Font)              scaled to size 5.0pt on input line 269.
LaTeX Font Info:    Trying to load font information for OML+lmm on input line 2
69.
(/home/deependra/.TinyTeX/texmf-dist/tex/latex/lm/omllmm.fd
File: omllmm.fd 2009/10/30 v1.6 Font defs for Latin Modern
)
LaTeX Font Info:    Font shape `TU/latinmodern-math.otf(2)/m/n' will be
(Font)              scaled to size 10.00092pt on input line 269.
LaTeX Font Info:    Font shape `TU/latinmodern-math.otf(2)/m/n' will be
(Font)              scaled to size 7.00064pt on input line 269.
LaTeX Font Info:    Font shape `TU/latinmodern-math.otf(2)/m/n' will be
(Font)              scaled to size 5.00046pt on input line 269.
LaTeX Font Info:    Font shape `TU/latinmodern-math.otf(3)/m/n' will be
(Font)              scaled to size 9.99893pt on input line 269.
LaTeX Font Info:    Font shape `TU/latinmodern-math.otf(3)/m/n' will be
(Font)              scaled to size 6.99925pt on input line 269.
LaTeX Font Info:    Font shape `TU/latinmodern-math.otf(3)/m/n' will be
(Font)              scaled to size 4.99947pt on input line 269.
LaTeX Font Info:    Trying to load font information for U+msa on input line 269
.
(/home/deependra/.TinyTeX/texmf-dist/tex/latex/amsfonts/umsa.fd
File: umsa.fd 2013/01/14 v3.01 AMS symbols A
) (/home/deependra/.TinyTeX/texmf-dist/tex/latex/microtype/mt-msa.cfg
File: mt-msa.cfg 2006/02/04 v1.1 microtype config. file: AMS symbols (a) (RS)
)
LaTeX Font Info:    Trying to load font information for U+msb on input line 269
.
(/home/deependra/.TinyTeX/texmf-dist/tex/latex/amsfonts/umsb.fd
File: umsb.fd 2013/01/14 v3.01 AMS symbols B
) (/home/deependra/.TinyTeX/texmf-dist/tex/latex/microtype/mt-msb.cfg
File: mt-msb.cfg 2005/06/01 v1.0 microtype config. file: AMS symbols (b) (RS)
)
Package microtype Info: Loading generic protrusion settings for font family
(microtype)             `lmss' (encoding: TU).
(microtype)             For optimal results, create family-specific settings.
(microtype)             See the microtype manual for details.
LaTeX Font Info:    Font shape `TU/latinmodern-math.otf(1)/m/n' will be
(Font)              scaled to size 12.0pt on input line 271.
LaTeX Font Info:    Font shape `TU/latinmodern-math.otf(1)/m/n' will be
(Font)              scaled to size 8.0pt on input line 271.
LaTeX Font Info:    Font shape `TU/latinmodern-math.otf(1)/m/n' will be
(Font)              scaled to size 6.0pt on input line 271.
LaTeX Font Info:    Font shape `TU/latinmodern-math.otf(2)/m/n' will be
(Font)              scaled to size 12.0011pt on input line 271.
LaTeX Font Info:    Font shape `TU/latinmodern-math.otf(2)/m/n' will be
(Font)              scaled to size 8.00073pt on input line 271.
LaTeX Font Info:    Font shape `TU/latinmodern-math.otf(2)/m/n' will be
(Font)              scaled to size 6.00055pt on input line 271.
LaTeX Font Info:    Font shape `TU/latinmodern-math.otf(3)/m/n' will be
(Font)              scaled to size 11.99872pt on input line 271.
LaTeX Font Info:    Font shape `TU/latinmodern-math.otf(3)/m/n' will be
(Font)              scaled to size 7.99915pt on input line 271.
LaTeX Font Info:    Font shape `TU/latinmodern-math.otf(3)/m/n' will be
(Font)              scaled to size 5.99936pt on input line 271.
[1


] (./comprehensive-crap-objective.toc [2

])
\tf@toc=\write6
\openout6 = `comprehensive-crap-objective.toc'.

[3]
Chapter 1.

Underfull \hbox (badness 10000) in paragraph at lines 293--295

 []

[4

] [5]
Underfull \vbox (badness 1226) has occurred while \output is active []

LaTeX Font Info:    Font shape `TU/latinmodern-math.otf(1)/m/n' will be
(Font)              scaled to size 9.0pt on input line 574.
LaTeX Font Info:    Font shape `TU/latinmodern-math.otf(2)/m/n' will be
(Font)              scaled to size 9.00082pt on input line 574.
LaTeX Font Info:    Font shape `TU/latinmodern-math.otf(3)/m/n' will be
(Font)              scaled to size 8.99904pt on input line 574.
[6] [7] [8] [9] [10] [11] [12] [13] [14]
Chapter 2.

Overfull \hbox (3.504pt too wide) in paragraph at lines 958--958
[]|\TU/lmr/m/n/8 Turkmenistan|  
 []


Overfull \hbox (1.184pt too wide) in paragraph at lines 1007--1007
[]|\TU/lmr/m/n/8 Winnipegosis|  
 []


Overfull \hbox (3.504pt too wide) in paragraph at lines 1026--1026
[]|\TU/lmr/m/n/8 Turkmenistan|  
 []


Underfull \vbox (badness 10000) has occurred while \output is active []

[15

]
Underfull \vbox (badness 10000) has occurred while \output is active []

[16]
Overfull \vbox (1513.3576pt too high) has occurred while \output is active []

[17] [18] [19] [20] [21] [22]
Chapter 3.

Overfull \hbox (23.92589pt too wide) in paragraph at lines 1347--1357
 [][] 
 []

[23

] [24] [25] [26] [27] [28] [29] [30] [31] [32] [33] [34] [35] [36] [37] [38] [3
9] [40] [41] [42] [43] [44] [45] [46] [47] [48] [49] [50] [51] [52] [53] [54] [
55]

Package natbib Warning: Citation `woodruff2016concise' on page 56 undefined on 
input line 2744.

[56] [57] [58]
Overfull \hbox (29.87001pt too wide) in paragraph at lines 2785--2785
[]|\TU/lmr/m/n/10 Speakers(millions)|  
 []

[59] [60]
Overfull \hbox (3.37pt too wide) in paragraph at lines 2866--2866
[]|\TU/lmr/m/n/10 Argentina|  
 []


Overfull \hbox (9.92pt too wide) in paragraph at lines 2869--2869
[]|\TU/lmr/m/n/10 Bangladesh|  
 []


Overfull \hbox (7.42pt too wide) in paragraph at lines 2873--2874
\TU/lmr/m/n/10 lished.Replaced 
 []


Overfull \hbox (1.39pt too wide) in paragraph at lines 2875--2875
[]|\TU/lmr/m/n/10 Colombia|  
 []


Overfull \hbox (14.90001pt too wide) in paragraph at lines 2887--2887
[]|\TU/lmr/m/n/10 Luxembourg|  
 []


Overfull \hbox (1.98pt too wide) in paragraph at lines 2888--2888
[]|\TU/lmr/m/n/10 Myanmar|  
 []


Overfull \hbox (12.59pt too wide) in paragraph at lines 2890--2890
[]|\TU/lmr/m/n/10 Netherlands|  
 []


Overfull \hbox (10.96pt too wide) in paragraph at lines 2901--2902
\TU/lmr/m/n/10 lished.Conferred 
 []


Overfull \hbox (4.16pt too wide) in paragraph at lines 2906--2906
[]|\TU/lmr/m/n/10 Zimbabwe|  
 []

[61] [62] [63] [64] [65]
Underfull \vbox (badness 10000) detected at line 2992
 []

[66]
Overfull \hbox (41.656pt too wide) in paragraph at lines 3069--3069
 []|\TU/lmr/m/n/8 2071.04.09/2075.10.16|
 []

[67]
Overfull \hbox (19.936pt too wide) in paragraph at lines 3100--3100
 []|\TU/lmr/m/n/8 Sindhupalchowk|
 []


Overfull \hbox (6.016pt too wide) in paragraph at lines 3104--3104
 []|\TU/lmr/m/n/8 Solukhumbu|
 []


Overfull \hbox (18.56801pt too wide) in paragraph at lines 3108--3108
 []|\TU/lmr/m/n/8 Sankhuwasabha|
 []


Overfull \hbox (19.936pt too wide) in paragraph at lines 3110--3110
 []|\TU/lmr/m/n/8 Sindhupalchowk|
 []


Overfull \hbox (25.368pt too wide) in paragraph at lines 3116--3116
 []|\TU/lmr/m/n/8 Kavrepalanchowk|
 []


Overfull \hbox (1.064pt too wide) in paragraph at lines 3118--3118
 []|\TU/lmr/m/n/8 Terhathum|
 []


Underfull \vbox (badness 10000) has occurred while \output is active []

[68]
Underfull \vbox (badness 10000) detected at line 3122
 []


Overfull \hbox (19.936pt too wide) in paragraph at lines 3124--3124
 []|\TU/lmr/m/n/8 Sindhupalchowk|
 []


Overfull \hbox (18.56801pt too wide) in paragraph at lines 3126--3126
 []|\TU/lmr/m/n/8 Sankhuwasabha|
 []


Overfull \hbox (19.936pt too wide) in paragraph at lines 3136--3136
 []|\TU/lmr/m/n/8 Sindhupalchowk|
 []


Overfull \hbox (6.016pt too wide) in paragraph at lines 3142--3142
 []|\TU/lmr/m/n/8 Solukhumbu|
 []


Overfull \hbox (6.016pt too wide) in paragraph at lines 3151--3151
 []|\TU/lmr/m/n/8 Solukhumbu|
 []


Overfull \hbox (6.016pt too wide) in paragraph at lines 3152--3152
 []|\TU/lmr/m/n/8 Solukhumbu|
 []


Overfull \hbox (19.936pt too wide) in paragraph at lines 3155--3155
 []|\TU/lmr/m/n/8 Sindhupalchowk|
 []


Overfull \hbox (0.98401pt too wide) in paragraph at lines 3156--3156
 []|\TU/lmr/m/n/8 Chandranigahpur
 []


Overfull \hbox (6.016pt too wide) in paragraph at lines 3164--3164
 []|\TU/lmr/m/n/8 Solukhumbu|
 []


Overfull \hbox (19.936pt too wide) in paragraph at lines 3166--3166
 []|\TU/lmr/m/n/8 Sindhupalchowk|
 []


Overfull \hbox (3.304pt too wide) in paragraph at lines 3167--3167
 []|\TU/lmr/m/n/8 Ramechhap
 []


Overfull \hbox (19.936pt too wide) in paragraph at lines 3168--3168
 []|\TU/lmr/m/n/8 Sindhupalchowk|
 []

[69]
Overfull \hbox (18.56801pt too wide) in paragraph at lines 3176--3176
 []|\TU/lmr/m/n/8 Sankhuwasabha|
 []


Overfull \hbox (18.56801pt too wide) in paragraph at lines 3185--3185
 []|\TU/lmr/m/n/8 Sankhuwasabha|
 []


Overfull \hbox (6.968pt too wide) in paragraph at lines 3188--3188
 []|\TU/lmr/m/n/8 Argakhanchi|
 []


Overfull \hbox (19.936pt too wide) in paragraph at lines 3190--3190
 []|\TU/lmr/m/n/8 Sindhupalchowk|
 []


Overfull \hbox (19.936pt too wide) in paragraph at lines 3191--3191
 []|\TU/lmr/m/n/8 Sindhupalchowk|
 []


Overfull \hbox (19.936pt too wide) in paragraph at lines 3197--3197
 []|\TU/lmr/m/n/8 Sindhupalchowk|
 []


Overfull \hbox (19.936pt too wide) in paragraph at lines 3198--3198
 []|\TU/lmr/m/n/8 Sindhupalchowk|
 []


Overfull \hbox (6.016pt too wide) in paragraph at lines 3204--3204
 []|\TU/lmr/m/n/8 Solukhumbu|
 []


Overfull \hbox (18.56801pt too wide) in paragraph at lines 3205--3205
 []|\TU/lmr/m/n/8 Sankhuwasabha|
 []


Overfull \hbox (19.936pt too wide) in paragraph at lines 3214--3214
 []|\TU/lmr/m/n/8 Sindhupalchowk|
 []


Overfull \hbox (6.016pt too wide) in paragraph at lines 3216--3216
 []|\TU/lmr/m/n/8 Solukhumbu|
 []


Overfull \hbox (18.56801pt too wide) in paragraph at lines 3217--3217
 []|\TU/lmr/m/n/8 Sankhuwasabha|
 []

[70]
Overfull \hbox (18.56801pt too wide) in paragraph at lines 3220--3220
 []|\TU/lmr/m/n/8 Sankhuwasabha|
 []


Overfull \hbox (18.56801pt too wide) in paragraph at lines 3221--3221
 []|\TU/lmr/m/n/8 Sankhuwasabha|
 []


Overfull \hbox (5.12pt too wide) in paragraph at lines 3232--3232
 []|\TU/lmr/m/n/8 Nawalparasi|
 []

[71]
Underfull \vbox (badness 10000) detected at line 3255
 []


Overfull \hbox (38.20395pt too wide) in alignment at lines 3263--3289
 [] [] [] [] [] 
 []

[72]
Overfull \hbox (38.20395pt too wide) in alignment at lines 3289--3313
 [] [] [] [] [] 
 []


Overfull \hbox (38.20395pt too wide) in alignment at lines 3313--3337
 [] [] [] [] [] 
 []


Overfull \hbox (38.20395pt too wide) in alignment at lines 3337--3361
 [] [] [] [] [] 
 []


Overfull \hbox (38.20395pt too wide) in alignment at lines 3361--3362
 [] [] [] [] [] 
 []

[73] [74]
Overfull \hbox (4.736pt too wide) in paragraph at lines 3421--3421
[]|[]|  
 []


Overfull \hbox (4.52pt too wide) in paragraph at lines 3431--3431
[]|\TU/lmr/m/n/8 Bhairabkunda|  
 []


Overfull \hbox (9.57599pt too wide) in paragraph at lines 3449--3449
[]|[]|  
 []


Overfull \hbox (9.52798pt too wide) in paragraph at lines 3467--3467
[]|[]|  
 []


Overfull \hbox (5.92pt too wide) in paragraph at lines 3495--3495
[]|[]|  
 []


Overfull \hbox (12.528pt too wide) in paragraph at lines 3501--3501
[]|[]|  
 []

[75]
Overfull \hbox (1.064pt too wide) in paragraph at lines 3516--3516
[]|\TU/lmr/m/n/8 Tehrathum|  
 []


Overfull \hbox (4.36pt too wide) in paragraph at lines 3526--3526
[]|\TU/lmr/m/n/8 Kathmandu|  
 []


Overfull \hbox (4.36pt too wide) in paragraph at lines 3528--3528
[]|\TU/lmr/m/n/8 Kathmandu|  
 []


Overfull \hbox (4.36pt too wide) in paragraph at lines 3530--3530
[]|\TU/lmr/m/n/8 Kathmandu|  
 []


Overfull \hbox (4.36pt too wide) in paragraph at lines 3532--3532
[]|\TU/lmr/m/n/8 Kathmandu|  
 []


Overfull \hbox (4.36pt too wide) in paragraph at lines 3534--3534
[]|\TU/lmr/m/n/8 Kathmandu|  
 []


Overfull \hbox (4.36pt too wide) in paragraph at lines 3536--3536
[]|\TU/lmr/m/n/8 Kathmandu|  
 []

[76]
Overfull \hbox (4.136pt too wide) in paragraph at lines 3578--3578
[]|\TU/lmr/m/n/8 Makwanpur|  
 []


Overfull \hbox (2.832pt too wide) in paragraph at lines 3600--3600
[]|\TU/lmr/m/n/8 Ramechaap|  
 []


Overfull \hbox (3.072pt too wide) in paragraph at lines 3616--3616
[]|[]|  
 []


Overfull \hbox (19.936pt too wide) in paragraph at lines 3654--3654
[]|\TU/lmr/m/n/8 Sindhupalchowk|  
 []


Overfull \hbox (19.936pt too wide) in paragraph at lines 3656--3656
[]|\TU/lmr/m/n/8 Sindhupalchowk|  
 []


Overfull \hbox (19.936pt too wide) in paragraph at lines 3658--3658
[]|\TU/lmr/m/n/8 Sindhupalchowk|  
 []


Overfull \hbox (11.688pt too wide) in paragraph at lines 3660--3660
[]|\TU/lmr/m/n/8 Arghakhanchi|  
 []


Overfull \hbox (11.688pt too wide) in paragraph at lines 3662--3662
[]|\TU/lmr/m/n/8 Arghakhanchi|  
 []


Overfull \hbox (11.688pt too wide) in paragraph at lines 3664--3664
[]|\TU/lmr/m/n/8 Arghakhanchi|  
 []

[77] [78]
Overfull \hbox (5.12pt too wide) in paragraph at lines 3758--3758
[]|\TU/lmr/m/n/8 Nawalparasi|  
 []


Overfull \hbox (5.12pt too wide) in paragraph at lines 3760--3760
[]|\TU/lmr/m/n/8 Nawalparasi|  
 []


Overfull \hbox (5.12pt too wide) in paragraph at lines 3762--3762
[]|\TU/lmr/m/n/8 Nawalparasi|  
 []


Overfull \hbox (5.12pt too wide) in paragraph at lines 3764--3764
[]|\TU/lmr/m/n/8 Nawalparasi|  
 []


Overfull \hbox (5.12pt too wide) in paragraph at lines 3766--3766
[]|\TU/lmr/m/n/8 Nawalparasi|  
 []


Overfull \hbox (5.12pt too wide) in paragraph at lines 3768--3768
[]|\TU/lmr/m/n/8 Nawalparasi|  
 []


Overfull \hbox (5.12pt too wide) in paragraph at lines 3770--3770
[]|\TU/lmr/m/n/8 Nawalparasi|  
 []


Overfull \hbox (5.12pt too wide) in paragraph at lines 3772--3772
[]|\TU/lmr/m/n/8 Nawalparasi|  
 []


Overfull \hbox (5.12pt too wide) in paragraph at lines 3774--3774
[]|\TU/lmr/m/n/8 Nawalparasi|  
 []


Overfull \hbox (5.12pt too wide) in paragraph at lines 3776--3776
[]|\TU/lmr/m/n/8 Nawalparasi|  
 []


Overfull \hbox (5.12pt too wide) in paragraph at lines 3778--3778
[]|\TU/lmr/m/n/8 Nawalparasi|  
 []


Overfull \hbox (5.12pt too wide) in paragraph at lines 3780--3780
[]|\TU/lmr/m/n/8 Nawalparasi|  
 []


Overfull \hbox (5.12pt too wide) in paragraph at lines 3782--3782
[]|\TU/lmr/m/n/8 Nawalparasi|  
 []


Overfull \hbox (5.12pt too wide) in paragraph at lines 3784--3784
[]|\TU/lmr/m/n/8 Nawalparasi|  
 []


Overfull \hbox (9.56pt too wide) in paragraph at lines 3786--3786
[]|\TU/lmr/m/n/8 Okhaldhunga|  
 []


Overfull \hbox (5.12pt too wide) in paragraph at lines 3786--3786
[]|\TU/lmr/m/n/8 Nawalparasi|  
 []


Overfull \hbox (5.12pt too wide) in paragraph at lines 3788--3788
[]|\TU/lmr/m/n/8 Nawalparasi|  
 []


Overfull \hbox (5.12pt too wide) in paragraph at lines 3790--3790
[]|\TU/lmr/m/n/8 Nawalparasi|  
 []


Overfull \hbox (5.12pt too wide) in paragraph at lines 3792--3792
[]|\TU/lmr/m/n/8 Nawalparasi|  
 []


Overfull \hbox (5.12pt too wide) in paragraph at lines 3794--3794
[]|\TU/lmr/m/n/8 Nawalparasi|  
 []


Overfull \hbox (5.12pt too wide) in paragraph at lines 3796--3796
[]|\TU/lmr/m/n/8 Nawalparasi|  
 []


Overfull \hbox (5.12pt too wide) in paragraph at lines 3798--3798
[]|\TU/lmr/m/n/8 Nawalparasi|  
 []


Overfull \hbox (5.12pt too wide) in paragraph at lines 3800--3800
[]|\TU/lmr/m/n/8 Nawalparasi|  
 []


Overfull \hbox (5.12pt too wide) in paragraph at lines 3802--3802
[]|\TU/lmr/m/n/8 Nawalparasi|  
 []


Overfull \hbox (5.12pt too wide) in paragraph at lines 3804--3804
[]|\TU/lmr/m/n/8 Nawalparasi|  
 []

[79]
Overfull \hbox (18.56801pt too wide) in paragraph at lines 3858--3858
[]|[]|  
 []

[80]
Overfull \hbox (6.016pt too wide) in paragraph at lines 3920--3920
[]|[]|  
 []


Overfull \hbox (5.544pt too wide) in paragraph at lines 3932--3932
[]|\TU/lmr/m/n/8 Kanchanpur|  
 []


Overfull \hbox (5.544pt too wide) in paragraph at lines 3934--3934
[]|\TU/lmr/m/n/8 Kanchanpur|  
 []


Overfull \hbox (5.544pt too wide) in paragraph at lines 3936--3936
[]|\TU/lmr/m/n/8 Kanchanpur|  
 []


Overfull \hbox (5.544pt too wide) in paragraph at lines 3938--3938
[]|\TU/lmr/m/n/8 Kanchanpur|  
 []


Overfull \hbox (5.544pt too wide) in paragraph at lines 3940--3940
[]|\TU/lmr/m/n/8 Kanchanpur|  
 []


Overfull \hbox (5.544pt too wide) in paragraph at lines 3942--3942
[]|\TU/lmr/m/n/8 Kanchanpur|  
 []


Overfull \hbox (1.064pt too wide) in paragraph at lines 3944--3944
[]|[]|  
 []

[81]
Overfull \hbox (11.752pt too wide) in paragraph at lines 3965--3965
 []|\TU/lmr/m/n/8 Gangajamuna
 []


Overfull \hbox (10.04001pt too wide) in paragraph at lines 3969--3969
 []|\TU/lmr/m/n/8 Chandrabhog
 []


Overfull \hbox (7.976pt too wide) in paragraph at lines 3971--3971
 []|\TU/lmr/m/n/8 Makawanpur
 []


Overfull \hbox (1.31999pt too wide) in paragraph at lines 3971--3971
 []|\TU/lmr/m/n/8 Makawanpur,
 []


Overfull \hbox (1.31999pt too wide) in paragraph at lines 3973--3973
 []|\TU/lmr/m/n/8 Makawanpur,
 []

[82] [83] [84]
*geometry* verbose mode - [ newgeometry ] result:
* driver: xetex
* paper: a4paper
* layout: <same size as paper>
* layoutoffset:(h,v)=(0.0pt,0.0pt)
* modes: twoside 
* h-part:(L,W,R)=(35.56593pt, 526.376pt, 35.56593pt)
* v-part:(T,H,B)=(35.56593pt, 773.91498pt, 35.56593pt)
* \paperwidth=597.50787pt
* \paperheight=845.04684pt
* \textwidth=526.376pt
* \textheight=773.91498pt
* \oddsidemargin=-36.70406pt
* \evensidemargin=-36.70406pt
* \topmargin=-125.90343pt
* \headheight=71.13188pt
* \headsep=18.06749pt
* \topskip=10.0pt
* \footskip=56.9055pt
* \marginparwidth=125.0pt
* \marginparsep=7.0pt
* \columnsep=10.0pt
* \skip\footins=9.0pt plus 4.0pt minus 2.0pt
* \hoffset=0.0pt
* \voffset=0.0pt
* \mag=1000
* \@twocolumnfalse
* \@twosidetrue
* \@mparswitchtrue
* \@reversemarginfalse
* (1in=72.27pt=25.4mm, 1cm=28.453pt)


Overfull \hbox (8.616pt too wide) in paragraph at lines 4046--4046
[]|\TU/lmr/m/n/8 Molybdenum 
 []


Overfull \hbox (2.664pt too wide) in paragraph at lines 4050--4050
\TU/lmr/m/n/8 (Ca(UO2)2(PO4)2.10H2O) 
 []


Overfull \hbox (38.768pt too wide) in paragraph at lines 4058--4058
\TU/lmr/m/n/8 (Mg3(Si4O10)(OH)2)|  
 []

[85


] [86] [87] [88]
Overfull \hbox (20.75589pt too wide) in paragraph at lines 4108--4118
 [][] 
 []

[89


] [90]
Chapter 4.

Overfull \hbox (2910.5061pt too wide) in paragraph at lines 4138--4177
 [][] 
 []


Overfull \hbox (4.28pt too wide) in paragraph at lines 4187--4188
[]|\TU/lmr/m/n/10 Established/Recognized 
 []

[91

] [92] [93] [94] [95] [96] [97] [98] [99] [100] [101] [102] [103] [104] [105] [
106] [107] [108] [109] [110] [111] [112] [113]
Underfull \vbox (badness 10000) has occurred while \output is active []

[114]
Underfull \vbox (badness 10000) has occurred while \output is active []

[115]
Underfull \vbox (badness 10000) has occurred while \output is active []

[116]
Underfull \vbox (badness 10000) has occurred while \output is active []

[117]
Underfull \vbox (badness 10000) has occurred while \output is active []

[118] [119]

Package geometry Warning: `a4paper': not available in `\newgeometry'; skipped.

*geometry* verbose mode - [ newgeometry ] result:
* driver: xetex
* paper: a4paper
* layout: <same size as paper>
* layoutoffset:(h,v)=(0.0pt,0.0pt)
* modes: twoside 
* h-part:(L,W,R)=(28.45274pt, 540.60239pt, 28.45274pt)
* v-part:(T,H,B)=(28.45274pt, 788.14136pt, 28.45274pt)
* \paperwidth=597.50787pt
* \paperheight=845.04684pt
* \textwidth=540.60239pt
* \textheight=788.14136pt
* \oddsidemargin=-43.81725pt
* \evensidemargin=-43.81725pt
* \topmargin=-43.81725pt
* \headheight=0.0pt
* \headsep=0.0pt
* \topskip=10.0pt
* \footskip=56.9055pt
* \marginparwidth=125.0pt
* \marginparsep=7.0pt
* \columnsep=10.0pt
* \skip\footins=9.0pt plus 4.0pt minus 2.0pt
* \hoffset=0.0pt
* \voffset=0.0pt
* \mag=1000
* \@twocolumnfalse
* \@twosidetrue
* \@mparswitchtrue
* \@reversemarginfalse
* (1in=72.27pt=25.4mm, 1cm=28.453pt)


Overfull \hbox (13.6pt too wide) in paragraph at lines 5761--5761
[]|\TU/lmr/m/n/8 Membership 
 []


Overfull \hbox (8.168pt too wide) in paragraph at lines 5761--5761
[]|\TU/lmr/m/n/8 Afganistan|  
 []


Overfull \hbox (6.544pt too wide) in paragraph at lines 5761--5761
[]|\TU/lmr/m/n/8 Dari/Pastun|  
 []


Overfull \hbox (10.408pt too wide) in paragraph at lines 5761--5761
[]|\TU/lmr/m/n/8 Bangladesh|  
 []


Overfull \hbox (2.408pt too wide) in paragraph at lines 5761--5761
[]|\TU/lmr/m/n/8 Bangladesh 
 []


Overfull \hbox (0.848pt too wide) in paragraph at lines 5761--5761
[]|\TU/lmr/m/n/8 Maldives|  
 []


Overfull \hbox (12.36pt too wide) in paragraph at lines 5761--5761
[]|\TU/lmr/m/n/8 Kathmandu|  
 []


Overfull \hbox (6.04001pt too wide) in paragraph at lines 5761--5761
[]|\TU/lmr/m/n/8 Islamabad|  
 []


Overfull \hbox (2.216pt too wide) in paragraph at lines 5761--5761
[]|\TU/lmr/m/n/8 Colombo, 
 []


Overfull \hbox (1.992pt too wide) in paragraph at lines 5761--5761
\TU/lmr/m/n/8 denepura 
 []


Overfull \hbox (647.39761pt too wide) in alignment at lines 5761--5761
 [] [] [] [] [] [] [] [] [] [] [] [] [] [] [] [] [] [] [] 
 []


Package Fancyhdr Warning: \headheight is too small (0.0pt): 
Make it at least 22.94525pt.
We now make it that large for the rest of the document.
This may cause the page layout to be inconsistent, however.

[120



] [121

] [122] [123] [124] [125] [126] [127]
Underfull \hbox (badness 10000) in paragraph at lines 6237--6239

 []

[128] [129] [130]
Underfull \vbox (badness 10000) detected at line 6566
 []

[131] [132] [133]
Chapter 5.
File: ./latex-compiled/main.pdf Graphic file (type pdf)
<use ./latex-compiled/main.pdf>
File: ./latex-compiled/main.pdf Graphic file (type pdf)
<use ./latex-compiled/main.pdf>
File: ./latex-compiled/main.pdf Graphic file (type pdf)
<use ./latex-compiled/main.pdf, page 2>
File: ./latex-compiled/main.pdf Graphic file (type pdf)
<use ./latex-compiled/main.pdf, page 2>
[134

]
File: ./latex-compiled/main.pdf Graphic file (type pdf)
<use ./latex-compiled/main.pdf, page 2>
File: ./latex-compiled/main.pdf Graphic file (type pdf)
<use ./latex-compiled/main.pdf, page 2>
File: ./latex-compiled/main.pdf Graphic file (type pdf)
<use ./latex-compiled/main.pdf, page 2>
[135]
File: ./latex-compiled/main.pdf Graphic file (type pdf)
<use ./latex-compiled/main.pdf, page 3>
File: ./latex-compiled/main.pdf Graphic file (type pdf)
<use ./latex-compiled/main.pdf, page 3>
File: ./latex-compiled/main.pdf Graphic file (type pdf)
<use ./latex-compiled/main.pdf, page 3>
[136]
File: ./latex-compiled/main.pdf Graphic file (type pdf)
<use ./latex-compiled/main.pdf, page 4>
File: ./latex-compiled/main.pdf Graphic file (type pdf)
<use ./latex-compiled/main.pdf, page 4>
File: ./latex-compiled/main.pdf Graphic file (type pdf)
<use ./latex-compiled/main.pdf, page 4>
[137]
File: ./latex-compiled/main.pdf Graphic file (type pdf)
<use ./latex-compiled/main.pdf, page 5>
File: ./latex-compiled/main.pdf Graphic file (type pdf)
<use ./latex-compiled/main.pdf, page 5>
File: ./latex-compiled/main.pdf Graphic file (type pdf)
<use ./latex-compiled/main.pdf, page 5>
[138]
File: ./latex-compiled/main.pdf Graphic file (type pdf)
<use ./latex-compiled/main.pdf, page 6>
File: ./latex-compiled/main.pdf Graphic file (type pdf)
<use ./latex-compiled/main.pdf, page 6>
File: ./latex-compiled/main.pdf Graphic file (type pdf)
<use ./latex-compiled/main.pdf, page 6>
[139]
File: ./latex-compiled/main.pdf Graphic file (type pdf)
<use ./latex-compiled/main.pdf, page 7>
File: ./latex-compiled/main.pdf Graphic file (type pdf)
<use ./latex-compiled/main.pdf, page 7>
File: ./latex-compiled/main.pdf Graphic file (type pdf)
<use ./latex-compiled/main.pdf, page 7>
[140]
File: ./latex-compiled/main.pdf Graphic file (type pdf)
<use ./latex-compiled/main.pdf, page 8>
File: ./latex-compiled/main.pdf Graphic file (type pdf)
<use ./latex-compiled/main.pdf, page 8>
File: ./latex-compiled/main.pdf Graphic file (type pdf)
<use ./latex-compiled/main.pdf, page 8>
[141]
File: ./latex-compiled/main.pdf Graphic file (type pdf)
<use ./latex-compiled/main.pdf, page 9>
File: ./latex-compiled/main.pdf Graphic file (type pdf)
<use ./latex-compiled/main.pdf, page 9>
File: ./latex-compiled/main.pdf Graphic file (type pdf)
<use ./latex-compiled/main.pdf, page 9>
[142]
File: ./latex-compiled/main.pdf Graphic file (type pdf)
<use ./latex-compiled/main.pdf, page 10>
File: ./latex-compiled/main.pdf Graphic file (type pdf)
<use ./latex-compiled/main.pdf, page 10>
File: ./latex-compiled/main.pdf Graphic file (type pdf)
<use ./latex-compiled/main.pdf, page 10>
[143]
File: ./latex-compiled/main.pdf Graphic file (type pdf)
<use ./latex-compiled/main.pdf, page 11>
File: ./latex-compiled/main.pdf Graphic file (type pdf)
<use ./latex-compiled/main.pdf, page 11>
File: ./latex-compiled/main.pdf Graphic file (type pdf)
<use ./latex-compiled/main.pdf, page 11>
[144]
File: ./latex-compiled/main.pdf Graphic file (type pdf)
<use ./latex-compiled/main.pdf, page 12>
File: ./latex-compiled/main.pdf Graphic file (type pdf)
<use ./latex-compiled/main.pdf, page 12>
File: ./latex-compiled/main.pdf Graphic file (type pdf)
<use ./latex-compiled/main.pdf, page 12>
[145]
File: ./latex-compiled/main.pdf Graphic file (type pdf)
<use ./latex-compiled/main.pdf, page 13>
File: ./latex-compiled/main.pdf Graphic file (type pdf)
<use ./latex-compiled/main.pdf, page 13>
File: ./latex-compiled/main.pdf Graphic file (type pdf)
<use ./latex-compiled/main.pdf, page 13>
[146]
File: ./latex-compiled/main.pdf Graphic file (type pdf)
<use ./latex-compiled/main.pdf, page 14>
File: ./latex-compiled/main.pdf Graphic file (type pdf)
<use ./latex-compiled/main.pdf, page 14>
File: ./latex-compiled/main.pdf Graphic file (type pdf)
<use ./latex-compiled/main.pdf, page 14>
[147]
File: ./latex-compiled/main.pdf Graphic file (type pdf)
<use ./latex-compiled/main.pdf, page 15>
File: ./latex-compiled/main.pdf Graphic file (type pdf)
<use ./latex-compiled/main.pdf, page 15>
File: ./latex-compiled/main.pdf Graphic file (type pdf)
<use ./latex-compiled/main.pdf, page 15>
[148]
File: ./latex-compiled/main.pdf Graphic file (type pdf)
<use ./latex-compiled/main.pdf, page 16>
File: ./latex-compiled/main.pdf Graphic file (type pdf)
<use ./latex-compiled/main.pdf, page 16>
File: ./latex-compiled/main.pdf Graphic file (type pdf)
<use ./latex-compiled/main.pdf, page 16>
[149]
File: ./latex-compiled/main.pdf Graphic file (type pdf)
<use ./latex-compiled/main.pdf, page 17>
File: ./latex-compiled/main.pdf Graphic file (type pdf)
<use ./latex-compiled/main.pdf, page 17>
File: ./latex-compiled/main.pdf Graphic file (type pdf)
<use ./latex-compiled/main.pdf, page 17>
[150]
File: ./latex-compiled/main.pdf Graphic file (type pdf)
<use ./latex-compiled/main.pdf, page 18>
File: ./latex-compiled/main.pdf Graphic file (type pdf)
<use ./latex-compiled/main.pdf, page 18>
File: ./latex-compiled/main.pdf Graphic file (type pdf)
<use ./latex-compiled/main.pdf, page 18>
[151]
File: ./latex-compiled/main.pdf Graphic file (type pdf)
<use ./latex-compiled/main.pdf, page 19>
File: ./latex-compiled/main.pdf Graphic file (type pdf)
<use ./latex-compiled/main.pdf, page 19>
File: ./latex-compiled/main.pdf Graphic file (type pdf)
<use ./latex-compiled/main.pdf, page 19>
[152]
File: ./latex-compiled/main.pdf Graphic file (type pdf)
<use ./latex-compiled/main.pdf, page 20>
File: ./latex-compiled/main.pdf Graphic file (type pdf)
<use ./latex-compiled/main.pdf, page 20>
File: ./latex-compiled/main.pdf Graphic file (type pdf)
<use ./latex-compiled/main.pdf, page 20>
[153]
File: ./latex-compiled/main.pdf Graphic file (type pdf)
<use ./latex-compiled/main.pdf, page 21>
File: ./latex-compiled/main.pdf Graphic file (type pdf)
<use ./latex-compiled/main.pdf, page 21>
File: ./latex-compiled/main.pdf Graphic file (type pdf)
<use ./latex-compiled/main.pdf, page 21>
[154]
File: ./latex-compiled/main.pdf Graphic file (type pdf)
<use ./latex-compiled/main.pdf, page 22>
File: ./latex-compiled/main.pdf Graphic file (type pdf)
<use ./latex-compiled/main.pdf, page 22>
File: ./latex-compiled/main.pdf Graphic file (type pdf)
<use ./latex-compiled/main.pdf, page 22>
[155] (./comprehensive-crap-objective.bbl

Package natbib Warning: Empty `thebibliography' environment on input line 3.

)

Package natbib Warning: There were undefined citations.

[156

]
Package atveryend Info: Empty hook `BeforeClearDocument' on input line 6628.
Package atveryend Info: Empty hook `AfterLastShipout' on input line 6628.
(./comprehensive-crap-objective.aux)
Package atveryend Info: Empty hook `AtVeryEndDocument' on input line 6628.
Package atveryend Info: Empty hook `AtEndAfterFileList' on input line 6628.

LaTeX Warning: There were multiply-defined labels.

 ) 
Here is how much of TeX's memory you used:
 41281 strings out of 479805
 838641 string characters out of 5892745
 1352403 words of memory out of 5000000
 57676 multiletter control sequences out of 15000+600000
 540032 words of font info for 106 fonts, out of 8000000 for 9000
 1348 hyphenation exceptions out of 8191
 64i,18n,115p,1683b,1031s stack positions out of 5000i,500n,10000p,200000b,80000s

Output written on comprehensive-crap-objective.pdf (156 pages).
